{
  "stats": {
    "suites": 4,
    "tests": 9,
    "passes": 9,
    "pending": 0,
    "failures": 0,
    "start": "2026-03-06T21:49:53.742Z",
    "end": "2026-03-06T21:50:03.378Z",
    "duration": 9636,
    "testsRegistered": 9,
    "passPercent": 100,
    "pendingPercent": 0,
    "other": 0,
    "hasOther": false,
    "skipped": 0,
    "hasSkipped": false
  },
  "results": [
    {
      "uuid": "fae8c937-32f1-4fb1-85e3-f28ac8c12b15",
      "title": "",
      "fullFile": "cypress/e2e/tracking/order-tracking.cy.js",
      "file": "cypress/e2e/tracking/order-tracking.cy.js",
      "beforeHooks": [],
      "afterHooks": [],
      "tests": [],
      "suites": [
        {
          "uuid": "80ac9ea1-a43e-419b-a1e7-7e2d4860c8a5",
          "title": "Order Tracking",
          "fullFile": "",
          "file": "",
          "beforeHooks": [],
          "afterHooks": [],
          "tests": [],
          "suites": [
            {
              "uuid": "5015141a-0b35-4d6a-afc7-f227db36085c",
              "title": "Order History / Tracking Availability",
              "fullFile": "",
              "file": "",
              "beforeHooks": [],
              "afterHooks": [],
              "tests": [
                {
                  "title": "should check if order history route exists when navigating as guest",
                  "fullTitle": "Order Tracking Order History / Tracking Availability should check if order history route exists when navigating as guest",
                  "timedOut": null,
                  "duration": 1704,
                  "state": "passed",
                  "speed": "fast",
                  "pass": true,
                  "fail": false,
                  "pending": false,
                  "context": null,
                  "code": "cy.visit('/orders', {\n  failOnStatusCode: false\n});\ncy.url().then(url => {\n  cy.log(`/orders URL result: ${url}`);\n  cy.evidenceScreenshot('orders-page-guest');\n});",
                  "err": {},
                  "uuid": "a859b798-4d22-45c2-ba9f-17a601f362f3",
                  "parentUUID": "5015141a-0b35-4d6a-afc7-f227db36085c",
                  "isHook": false,
                  "skipped": false
                },
                {
                  "title": "should check if order tracking route exists",
                  "fullTitle": "Order Tracking Order History / Tracking Availability should check if order tracking route exists",
                  "timedOut": null,
                  "duration": 385,
                  "state": "passed",
                  "speed": "fast",
                  "pass": true,
                  "fail": false,
                  "pending": false,
                  "context": null,
                  "code": "cy.visit('/order-tracking', {\n  failOnStatusCode: false\n});\ncy.url().then(url => {\n  cy.log(`/order-tracking URL result: ${url}`);\n  cy.evidenceScreenshot('order-tracking-route');\n});",
                  "err": {},
                  "uuid": "048589ca-9a18-421e-a35a-5171fbae0314",
                  "parentUUID": "5015141a-0b35-4d6a-afc7-f227db36085c",
                  "isHook": false,
                  "skipped": false
                },
                {
                  "title": "should check the profile/account page route for order history",
                  "fullTitle": "Order Tracking Order History / Tracking Availability should check the profile/account page route for order history",
                  "timedOut": null,
                  "duration": 390,
                  "state": "passed",
                  "speed": "fast",
                  "pass": true,
                  "fail": false,
                  "pending": false,
                  "context": null,
                  "code": "cy.visit('/profile', {\n  failOnStatusCode: false\n});\ncy.url().then(url => {\n  const redirectedToSignIn = url.includes('/sign-in');\n  if (redirectedToSignIn) {\n    cy.log('Profile page redirects to sign-in (correct behavior for guest)');\n  } else {\n    cy.log(`Profile page loaded at: ${url}`);\n  }\n  cy.evidenceScreenshot('profile-page-access');\n});",
                  "err": {},
                  "uuid": "b8724f9a-c041-431e-950e-b51c75720e9a",
                  "parentUUID": "5015141a-0b35-4d6a-afc7-f227db36085c",
                  "isHook": false,
                  "skipped": false
                },
                {
                  "title": "should check footer links for order tracking or account section",
                  "fullTitle": "Order Tracking Order History / Tracking Availability should check footer links for order tracking or account section",
                  "timedOut": null,
                  "duration": 1838,
                  "state": "passed",
                  "speed": "fast",
                  "pass": true,
                  "fail": false,
                  "pending": false,
                  "context": null,
                  "code": "cy.goHome();\ncy.get('footer').then($footer => {\n  const footerText = $footer.text();\n  cy.log(`Footer content: ${footerText.substring(0, 200)}`);\n  cy.evidenceScreenshot('footer-links-check');\n});",
                  "err": {},
                  "uuid": "e7c6750a-caff-402b-a870-59d26dfac993",
                  "parentUUID": "5015141a-0b35-4d6a-afc7-f227db36085c",
                  "isHook": false,
                  "skipped": false
                }
              ],
              "suites": [],
              "passes": [
                "a859b798-4d22-45c2-ba9f-17a601f362f3",
                "048589ca-9a18-421e-a35a-5171fbae0314",
                "b8724f9a-c041-431e-950e-b51c75720e9a",
                "e7c6750a-caff-402b-a870-59d26dfac993"
              ],
              "failures": [],
              "pending": [],
              "skipped": [],
              "duration": 4317,
              "root": false,
              "rootEmpty": false,
              "_timeout": 2000
            },
            {
              "uuid": "0dd920f6-4915-41f0-a16c-2f4c65c1a645",
              "title": "Homepage Navigation for Tracking",
              "fullFile": "",
              "file": "",
              "beforeHooks": [],
              "afterHooks": [],
              "tests": [
                {
                  "title": "should check if user account icon/profile is visible in nav when logged in",
                  "fullTitle": "Order Tracking Homepage Navigation for Tracking should check if user account icon/profile is visible in nav when logged in",
                  "timedOut": null,
                  "duration": 1247,
                  "state": "passed",
                  "speed": "fast",
                  "pass": true,
                  "fail": false,
                  "pending": false,
                  "context": null,
                  "code": "cy.goHome();\n// Check if there's any account/profile link in nav\ncy.get('.navigation-Bar').then($nav => {\n  const navText = $nav.text();\n  cy.log(`Nav content: ${navText.substring(0, 200)}`);\n  // For unauthenticated user, should see Log In / Sign Up\n  cy.get(SELECTORS.nav.loginLink).should('be.visible');\n});\ncy.evidenceScreenshot('nav-auth-state-guest');",
                  "err": {},
                  "uuid": "c716e572-255a-4b5b-9d53-f83fa73bd9c7",
                  "parentUUID": "0dd920f6-4915-41f0-a16c-2f4c65c1a645",
                  "isHook": false,
                  "skipped": false
                },
                {
                  "title": "should verify footer contains navigation links to key pages",
                  "fullTitle": "Order Tracking Homepage Navigation for Tracking should verify footer contains navigation links to key pages",
                  "timedOut": null,
                  "duration": 1204,
                  "state": "passed",
                  "speed": "fast",
                  "pass": true,
                  "fail": false,
                  "pending": false,
                  "context": null,
                  "code": "cy.goHome();\ncy.get('footer').should('be.visible');\ncy.get('footer a').should('have.length.greaterThan', 0);\ncy.evidenceScreenshot('footer-nav-links');",
                  "err": {},
                  "uuid": "62c65577-5ef4-4d6b-8f38-a1a2c2872cf2",
                  "parentUUID": "0dd920f6-4915-41f0-a16c-2f4c65c1a645",
                  "isHook": false,
                  "skipped": false
                },
                {
                  "title": "should verify the cart icon shows correct count (0 for guest)",
                  "fullTitle": "Order Tracking Homepage Navigation for Tracking should verify the cart icon shows correct count (0 for guest)",
                  "timedOut": null,
                  "duration": 1799,
                  "state": "passed",
                  "speed": "fast",
                  "pass": true,
                  "fail": false,
                  "pending": false,
                  "context": null,
                  "code": "cy.goHome();\ncy.get(SELECTORS.nav.cart).should('be.visible').and('contain', '0');\ncy.evidenceScreenshot('cart-count-zero-guest');",
                  "err": {},
                  "uuid": "252aef07-5481-4174-bb15-e19431c9f649",
                  "parentUUID": "0dd920f6-4915-41f0-a16c-2f4c65c1a645",
                  "isHook": false,
                  "skipped": false
                }
              ],
              "suites": [],
              "passes": [
                "c716e572-255a-4b5b-9d53-f83fa73bd9c7",
                "62c65577-5ef4-4d6b-8f38-a1a2c2872cf2",
                "252aef07-5481-4174-bb15-e19431c9f649"
              ],
              "failures": [],
              "pending": [],
              "skipped": [],
              "duration": 4250,
              "root": false,
              "rootEmpty": false,
              "_timeout": 2000
            },
            {
              "uuid": "8d39f174-012a-4811-9187-aaa1049e47d4",
              "title": "Post-Purchase Flow Verification",
              "fullFile": "",
              "file": "",
              "beforeHooks": [],
              "afterHooks": [],
              "tests": [
                {
                  "title": "should check if order confirmation route is accessible",
                  "fullTitle": "Order Tracking Post-Purchase Flow Verification should check if order confirmation route is accessible",
                  "timedOut": null,
                  "duration": 344,
                  "state": "passed",
                  "speed": "fast",
                  "pass": true,
                  "fail": false,
                  "pending": false,
                  "context": null,
                  "code": "cy.visit('/order-confirmation', {\n  failOnStatusCode: false\n});\ncy.url().then(url => {\n  cy.log(`/order-confirmation URL result: ${url}`);\n  cy.evidenceScreenshot('order-confirmation-route');\n});",
                  "err": {},
                  "uuid": "4c76bbb8-c5d7-4f9a-a077-36fefcc1a861",
                  "parentUUID": "8d39f174-012a-4811-9187-aaa1049e47d4",
                  "isHook": false,
                  "skipped": false
                },
                {
                  "title": "should document that full order tracking requires authenticated session",
                  "fullTitle": "Order Tracking Post-Purchase Flow Verification should document that full order tracking requires authenticated session",
                  "timedOut": null,
                  "duration": 634,
                  "state": "passed",
                  "speed": "fast",
                  "pass": true,
                  "fail": false,
                  "pending": false,
                  "context": null,
                  "code": "// Order tracking is a post-login feature; document the auth requirement\ncy.visit('/sign-in');\ncy.get(SELECTORS.auth.emailInput).should('be.visible');\ncy.log('Order tracking requires authentication — test documents auth gate');\ncy.evidenceScreenshot('order-tracking-auth-required');",
                  "err": {},
                  "uuid": "d1f59bf9-7fae-4c63-a7f8-f1cc1b989e5e",
                  "parentUUID": "8d39f174-012a-4811-9187-aaa1049e47d4",
                  "isHook": false,
                  "skipped": false
                }
              ],
              "suites": [],
              "passes": [
                "4c76bbb8-c5d7-4f9a-a077-36fefcc1a861",
                "d1f59bf9-7fae-4c63-a7f8-f1cc1b989e5e"
              ],
              "failures": [],
              "pending": [],
              "skipped": [],
              "duration": 978,
              "root": false,
              "rootEmpty": false,
              "_timeout": 2000
            }
          ],
          "passes": [],
          "failures": [],
          "pending": [],
          "skipped": [],
          "duration": 0,
          "root": false,
          "rootEmpty": false,
          "_timeout": 2000
        }
      ],
      "passes": [],
      "failures": [],
      "pending": [],
      "skipped": [],
      "duration": 0,
      "root": true,
      "rootEmpty": true,
      "_timeout": 2000
    }
  ],
  "meta": {
    "mocha": {
      "version": "7.2.0"
    },
    "mochawesome": {
      "options": {
        "quiet": false,
        "reportFilename": "mochawesome",
        "saveHtml": true,
        "saveJson": true,
        "consoleReporter": "spec",
        "useInlineDiffs": false,
        "code": true
      },
      "version": "7.1.4"
    },
    "marge": {
      "options": {
        "reportDir": "reports",
        "overwrite": false,
        "html": true,
        "json": true,
        "charts": true
      },
      "version": "6.3.2"
    }
  }
}