{
  "stats": {
    "suites": 6,
    "tests": 12,
    "passes": 12,
    "pending": 0,
    "failures": 0,
    "start": "2026-03-06T22:00:49.108Z",
    "end": "2026-03-06T22:01:22.016Z",
    "duration": 32908,
    "testsRegistered": 12,
    "passPercent": 100,
    "pendingPercent": 0,
    "other": 0,
    "hasOther": false,
    "skipped": 0,
    "hasSkipped": false
  },
  "results": [
    {
      "uuid": "90e93ae7-5d9f-439b-a922-e06e30b5200c",
      "title": "",
      "fullFile": "cypress/e2e/responsive/mobile-responsiveness.cy.js",
      "file": "cypress/e2e/responsive/mobile-responsiveness.cy.js",
      "beforeHooks": [],
      "afterHooks": [],
      "tests": [],
      "suites": [
        {
          "uuid": "01e15b9d-4fea-49c7-a1ca-275b607ae12c",
          "title": "Mobile Responsiveness",
          "fullFile": "",
          "file": "",
          "beforeHooks": [],
          "afterHooks": [],
          "tests": [],
          "suites": [
            {
              "uuid": "1804acdd-85d2-4f25-b6a8-5af50d235040",
              "title": "Homepage on Mobile",
              "fullFile": "",
              "file": "",
              "beforeHooks": [],
              "afterHooks": [],
              "tests": [
                {
                  "title": "should render the homepage without horizontal overflow on mobile",
                  "fullTitle": "Mobile Responsiveness Homepage on Mobile should render the homepage without horizontal overflow on mobile",
                  "timedOut": null,
                  "duration": 1340,
                  "state": "passed",
                  "speed": "fast",
                  "pass": true,
                  "fail": false,
                  "pending": false,
                  "context": null,
                  "code": "cy.visit('/home');\ncy.get('body').invoke('prop', 'scrollWidth').then(scrollWidth => {\n  cy.window().its('innerWidth').then(innerWidth => {\n    if (scrollWidth > innerWidth) {\n      cy.log(`ISSUE: Horizontal overflow detected — scrollWidth (${scrollWidth}) > viewportWidth (${innerWidth})`);\n    }\n    expect(scrollWidth).to.be.lte(innerWidth + 5); // 5px tolerance\n  });\n});\ncy.evidenceScreenshot('mobile-homepage-no-overflow');",
                  "err": {},
                  "uuid": "06df108d-ece4-41ee-99c3-fb13cafbaf93",
                  "parentUUID": "1804acdd-85d2-4f25-b6a8-5af50d235040",
                  "isHook": false,
                  "skipped": false
                },
                {
                  "title": "should display the navigation bar on mobile",
                  "fullTitle": "Mobile Responsiveness Homepage on Mobile should display the navigation bar on mobile",
                  "timedOut": null,
                  "duration": 1717,
                  "state": "passed",
                  "speed": "fast",
                  "pass": true,
                  "fail": false,
                  "pending": false,
                  "context": null,
                  "code": "cy.visit('/home');\ncy.get('.navigation-Bar').should('be.visible');\ncy.evidenceScreenshot('mobile-nav-visible');",
                  "err": {},
                  "uuid": "0fe8fe3f-0d5f-453b-a164-7662282f2d03",
                  "parentUUID": "1804acdd-85d2-4f25-b6a8-5af50d235040",
                  "isHook": false,
                  "skipped": false
                },
                {
                  "title": "should display the Log In and Sign Up buttons on mobile",
                  "fullTitle": "Mobile Responsiveness Homepage on Mobile should display the Log In and Sign Up buttons on mobile",
                  "timedOut": null,
                  "duration": 1301,
                  "state": "passed",
                  "speed": "fast",
                  "pass": true,
                  "fail": false,
                  "pending": false,
                  "context": null,
                  "code": "cy.visit('/home');\ncy.get(SELECTORS.nav.loginLink).should('be.visible');\ncy.get(SELECTORS.nav.signupBtn).should('be.visible');\ncy.evidenceScreenshot('mobile-auth-buttons');",
                  "err": {},
                  "uuid": "8008ce97-aa45-4933-9bb2-ec57ef3e7fa5",
                  "parentUUID": "1804acdd-85d2-4f25-b6a8-5af50d235040",
                  "isHook": false,
                  "skipped": false
                },
                {
                  "title": "should display product cards stacked vertically on mobile",
                  "fullTitle": "Mobile Responsiveness Homepage on Mobile should display product cards stacked vertically on mobile",
                  "timedOut": null,
                  "duration": 7694,
                  "state": "passed",
                  "speed": "medium",
                  "pass": true,
                  "fail": false,
                  "pending": false,
                  "context": null,
                  "code": "cy.visit('/products');\ncy.wait(2000);\ncy.get(SELECTORS.products.card).should('have.length.greaterThan', 0);\ncy.evidenceScreenshot('mobile-product-cards');",
                  "err": {},
                  "uuid": "50f4db3b-dcd1-49f8-85f8-89e724b0e783",
                  "parentUUID": "1804acdd-85d2-4f25-b6a8-5af50d235040",
                  "isHook": false,
                  "skipped": false
                },
                {
                  "title": "should display the search bar on mobile",
                  "fullTitle": "Mobile Responsiveness Homepage on Mobile should display the search bar on mobile",
                  "timedOut": null,
                  "duration": 2001,
                  "state": "passed",
                  "speed": "fast",
                  "pass": true,
                  "fail": false,
                  "pending": false,
                  "context": null,
                  "code": "cy.visit('/home');\ncy.get(SELECTORS.nav.searchInput).should('exist');\ncy.evidenceScreenshot('mobile-search-bar');",
                  "err": {},
                  "uuid": "c38a8730-943e-4e50-9e43-6f7154682f87",
                  "parentUUID": "1804acdd-85d2-4f25-b6a8-5af50d235040",
                  "isHook": false,
                  "skipped": false
                }
              ],
              "suites": [],
              "passes": [
                "06df108d-ece4-41ee-99c3-fb13cafbaf93",
                "0fe8fe3f-0d5f-453b-a164-7662282f2d03",
                "8008ce97-aa45-4933-9bb2-ec57ef3e7fa5",
                "50f4db3b-dcd1-49f8-85f8-89e724b0e783",
                "c38a8730-943e-4e50-9e43-6f7154682f87"
              ],
              "failures": [],
              "pending": [],
              "skipped": [],
              "duration": 14053,
              "root": false,
              "rootEmpty": false,
              "_timeout": 2000
            },
            {
              "uuid": "eace0ec3-72a5-47c6-9607-0c6f9f4388e9",
              "title": "Category Navigation on Mobile",
              "fullFile": "",
              "file": "",
              "beforeHooks": [],
              "afterHooks": [],
              "tests": [
                {
                  "title": "should display category links on mobile viewport",
                  "fullTitle": "Mobile Responsiveness Category Navigation on Mobile should display category links on mobile viewport",
                  "timedOut": null,
                  "duration": 967,
                  "state": "passed",
                  "speed": "fast",
                  "pass": true,
                  "fail": false,
                  "pending": false,
                  "context": null,
                  "code": "cy.visit('/home');\ncy.get(SELECTORS.nav.categoryLinks).should('have.length.greaterThan', 0);\ncy.evidenceScreenshot('mobile-category-links');",
                  "err": {},
                  "uuid": "eed5f09f-63fe-4066-b76a-25d3b6cc2d80",
                  "parentUUID": "eace0ec3-72a5-47c6-9607-0c6f9f4388e9",
                  "isHook": false,
                  "skipped": false
                },
                {
                  "title": "should navigate to product category on mobile tap",
                  "fullTitle": "Mobile Responsiveness Category Navigation on Mobile should navigate to product category on mobile tap",
                  "timedOut": null,
                  "duration": 1634,
                  "state": "passed",
                  "speed": "fast",
                  "pass": true,
                  "fail": false,
                  "pending": false,
                  "context": null,
                  "code": "cy.visit('/home');\ncy.get(SELECTORS.nav.categoryLinks).contains('Tires').click({\n  force: true\n});\ncy.url().should('include', '/category/Tires');\ncy.evidenceScreenshot('mobile-category-navigation');",
                  "err": {},
                  "uuid": "1ce25b20-5e0c-42a6-b955-31bad7a06758",
                  "parentUUID": "eace0ec3-72a5-47c6-9607-0c6f9f4388e9",
                  "isHook": false,
                  "skipped": false
                }
              ],
              "suites": [],
              "passes": [
                "eed5f09f-63fe-4066-b76a-25d3b6cc2d80",
                "1ce25b20-5e0c-42a6-b955-31bad7a06758"
              ],
              "failures": [],
              "pending": [],
              "skipped": [],
              "duration": 2601,
              "root": false,
              "rootEmpty": false,
              "_timeout": 2000
            },
            {
              "uuid": "384c69b2-7648-45a0-94c1-0ee83accdf2d",
              "title": "Product Interaction on Mobile",
              "fullFile": "",
              "file": "",
              "beforeHooks": [],
              "afterHooks": [],
              "tests": [
                {
                  "title": "should show Add to Cart buttons on mobile product cards",
                  "fullTitle": "Mobile Responsiveness Product Interaction on Mobile should show Add to Cart buttons on mobile product cards",
                  "timedOut": null,
                  "duration": 2891,
                  "state": "passed",
                  "speed": "fast",
                  "pass": true,
                  "fail": false,
                  "pending": false,
                  "context": null,
                  "code": "cy.visit('/products');\ncy.wait(2000);\ncy.get(SELECTORS.products.addToCart).first().should('be.visible');\ncy.evidenceScreenshot('mobile-add-to-cart-btn');",
                  "err": {},
                  "uuid": "8ecbf0f5-9179-4eae-93e5-c1b683f0829f",
                  "parentUUID": "384c69b2-7648-45a0-94c1-0ee83accdf2d",
                  "isHook": false,
                  "skipped": false
                },
                {
                  "title": "should allow tapping Add to Cart on mobile",
                  "fullTitle": "Mobile Responsiveness Product Interaction on Mobile should allow tapping Add to Cart on mobile",
                  "timedOut": null,
                  "duration": 8355,
                  "state": "passed",
                  "speed": "medium",
                  "pass": true,
                  "fail": false,
                  "pending": false,
                  "context": null,
                  "code": "cy.visit('/products');\ncy.wait(2000);\ncy.get(SELECTORS.products.addToCart).first().click({\n  force: true\n});\ncy.wait(1000);\ncy.evidenceScreenshot('mobile-tap-add-to-cart');",
                  "err": {},
                  "uuid": "7c66c206-773a-4289-ab48-9ea764dd26be",
                  "parentUUID": "384c69b2-7648-45a0-94c1-0ee83accdf2d",
                  "isHook": false,
                  "skipped": false
                },
                {
                  "title": "should open product detail page on mobile",
                  "fullTitle": "Mobile Responsiveness Product Interaction on Mobile should open product detail page on mobile",
                  "timedOut": null,
                  "duration": 3069,
                  "state": "passed",
                  "speed": "fast",
                  "pass": true,
                  "fail": false,
                  "pending": false,
                  "context": null,
                  "code": "cy.visit('/products');\ncy.wait(2000);\ncy.get(SELECTORS.products.cardLink).first().click({\n  force: true\n});\ncy.url().should('include', '/product-details/');\ncy.evidenceScreenshot('mobile-product-detail');",
                  "err": {},
                  "uuid": "7b409759-0a20-4494-a28e-e858edee89d7",
                  "parentUUID": "384c69b2-7648-45a0-94c1-0ee83accdf2d",
                  "isHook": false,
                  "skipped": false
                }
              ],
              "suites": [],
              "passes": [
                "8ecbf0f5-9179-4eae-93e5-c1b683f0829f",
                "7c66c206-773a-4289-ab48-9ea764dd26be",
                "7b409759-0a20-4494-a28e-e858edee89d7"
              ],
              "failures": [],
              "pending": [],
              "skipped": [],
              "duration": 14315,
              "root": false,
              "rootEmpty": false,
              "_timeout": 2000
            },
            {
              "uuid": "e3a7e287-f3d0-4849-b9e4-329f59c43519",
              "title": "Cart Page on Mobile",
              "fullFile": "",
              "file": "",
              "beforeHooks": [],
              "afterHooks": [],
              "tests": [
                {
                  "title": "should render cart page correctly on mobile",
                  "fullTitle": "Mobile Responsiveness Cart Page on Mobile should render cart page correctly on mobile",
                  "timedOut": null,
                  "duration": 1024,
                  "state": "passed",
                  "speed": "fast",
                  "pass": true,
                  "fail": false,
                  "pending": false,
                  "context": null,
                  "code": "cy.visit('/cart');\ncy.get('.navigation-Bar').should('be.visible');\ncy.get('body').should('contain.text', 'cart');\ncy.evidenceScreenshot('mobile-cart-page');",
                  "err": {},
                  "uuid": "6230e2bf-725f-4ba6-bc8a-98f89a086be6",
                  "parentUUID": "e3a7e287-f3d0-4849-b9e4-329f59c43519",
                  "isHook": false,
                  "skipped": false
                }
              ],
              "suites": [],
              "passes": [
                "6230e2bf-725f-4ba6-bc8a-98f89a086be6"
              ],
              "failures": [],
              "pending": [],
              "skipped": [],
              "duration": 1024,
              "root": false,
              "rootEmpty": false,
              "_timeout": 2000
            },
            {
              "uuid": "cd807af1-5b3f-4294-ac5a-78ddc9c7f305",
              "title": "Sign-in Page on Mobile",
              "fullFile": "",
              "file": "",
              "beforeHooks": [],
              "afterHooks": [],
              "tests": [
                {
                  "title": "should render the sign-in form correctly on mobile",
                  "fullTitle": "Mobile Responsiveness Sign-in Page on Mobile should render the sign-in form correctly on mobile",
                  "timedOut": null,
                  "duration": 769,
                  "state": "passed",
                  "speed": "fast",
                  "pass": true,
                  "fail": false,
                  "pending": false,
                  "context": null,
                  "code": "cy.visit('/sign-in');\ncy.get(SELECTORS.auth.emailInput).should('be.visible');\ncy.get(SELECTORS.auth.passwordInput).should('be.visible');\ncy.get(SELECTORS.auth.loginBtn).should('be.visible');\ncy.evidenceScreenshot('mobile-sign-in-form');",
                  "err": {},
                  "uuid": "218f9ebc-af79-4827-862c-760b5fe1e510",
                  "parentUUID": "cd807af1-5b3f-4294-ac5a-78ddc9c7f305",
                  "isHook": false,
                  "skipped": false
                }
              ],
              "suites": [],
              "passes": [
                "218f9ebc-af79-4827-862c-760b5fe1e510"
              ],
              "failures": [],
              "pending": [],
              "skipped": [],
              "duration": 769,
              "root": false,
              "rootEmpty": false,
              "_timeout": 2000
            }
          ],
          "passes": [],
          "failures": [],
          "pending": [],
          "skipped": [],
          "duration": 0,
          "root": false,
          "rootEmpty": false,
          "_timeout": 2000
        }
      ],
      "passes": [],
      "failures": [],
      "pending": [],
      "skipped": [],
      "duration": 0,
      "root": true,
      "rootEmpty": true,
      "_timeout": 2000
    }
  ],
  "meta": {
    "mocha": {
      "version": "7.2.0"
    },
    "mochawesome": {
      "options": {
        "quiet": false,
        "reportFilename": "mochawesome",
        "saveHtml": true,
        "saveJson": true,
        "consoleReporter": "spec",
        "useInlineDiffs": false,
        "code": true
      },
      "version": "7.1.4"
    },
    "marge": {
      "options": {
        "reportDir": "reports",
        "overwrite": false,
        "html": true,
        "json": true,
        "charts": true
      },
      "version": "6.3.2"
    }
  }
}