{
  "stats": {
    "suites": 4,
    "tests": 9,
    "passes": 9,
    "pending": 0,
    "failures": 0,
    "start": "2026-03-06T21:58:40.734Z",
    "end": "2026-03-06T21:59:01.350Z",
    "duration": 20616,
    "testsRegistered": 9,
    "passPercent": 100,
    "pendingPercent": 0,
    "other": 0,
    "hasOther": false,
    "skipped": 0,
    "hasSkipped": false
  },
  "results": [
    {
      "uuid": "12f6bced-7cd0-4c5c-a648-0ee7dd281994",
      "title": "",
      "fullFile": "cypress/e2e/cart/cart-management.cy.js",
      "file": "cypress/e2e/cart/cart-management.cy.js",
      "beforeHooks": [],
      "afterHooks": [],
      "tests": [],
      "suites": [
        {
          "uuid": "64fd0a2c-9c84-4a53-9538-1984cdb9d216",
          "title": "Cart Management",
          "fullFile": "",
          "file": "",
          "beforeHooks": [],
          "afterHooks": [],
          "tests": [],
          "suites": [
            {
              "uuid": "be762e16-0bc0-4b7d-9fcc-cff72a2a4cfb",
              "title": "Empty Cart State",
              "fullFile": "",
              "file": "",
              "beforeHooks": [],
              "afterHooks": [],
              "tests": [
                {
                  "title": "should display empty cart message when no items added",
                  "fullTitle": "Cart Management Empty Cart State should display empty cart message when no items added",
                  "timedOut": null,
                  "duration": 1944,
                  "state": "passed",
                  "speed": "fast",
                  "pass": true,
                  "fail": false,
                  "pending": false,
                  "context": null,
                  "code": "cy.visit('/cart');\ncy.get('body').should('contain.text', 'Your cart is empty');\ncy.evidenceScreenshot('empty-cart-message');",
                  "err": {},
                  "uuid": "059ca291-075c-4351-8fc3-a5c8bfdb0346",
                  "parentUUID": "be762e16-0bc0-4b7d-9fcc-cff72a2a4cfb",
                  "isHook": false,
                  "skipped": false
                },
                {
                  "title": "should display a Go Shopping button in the empty cart",
                  "fullTitle": "Cart Management Empty Cart State should display a Go Shopping button in the empty cart",
                  "timedOut": null,
                  "duration": 891,
                  "state": "passed",
                  "speed": "fast",
                  "pass": true,
                  "fail": false,
                  "pending": false,
                  "context": null,
                  "code": "cy.visit('/cart');\ncy.contains('Go Shopping').should('be.visible');\ncy.evidenceScreenshot('empty-cart-go-shopping');",
                  "err": {},
                  "uuid": "3bee56fe-842e-4a36-b5b6-e53440711f01",
                  "parentUUID": "be762e16-0bc0-4b7d-9fcc-cff72a2a4cfb",
                  "isHook": false,
                  "skipped": false
                },
                {
                  "title": "should navigate to products when clicking Go Shopping from empty cart",
                  "fullTitle": "Cart Management Empty Cart State should navigate to products when clicking Go Shopping from empty cart",
                  "timedOut": null,
                  "duration": 1657,
                  "state": "passed",
                  "speed": "fast",
                  "pass": true,
                  "fail": false,
                  "pending": false,
                  "context": null,
                  "code": "cy.visit('/cart');\ncy.contains('Go Shopping').click();\ncy.url().should('satisfy', url => url.includes('/products') || url.includes('/home'));\ncy.evidenceScreenshot('go-shopping-navigation');",
                  "err": {},
                  "uuid": "ccef9a62-ef2e-4504-b00a-01c38b30a7a3",
                  "parentUUID": "be762e16-0bc0-4b7d-9fcc-cff72a2a4cfb",
                  "isHook": false,
                  "skipped": false
                }
              ],
              "suites": [],
              "passes": [
                "059ca291-075c-4351-8fc3-a5c8bfdb0346",
                "3bee56fe-842e-4a36-b5b6-e53440711f01",
                "ccef9a62-ef2e-4504-b00a-01c38b30a7a3"
              ],
              "failures": [],
              "pending": [],
              "skipped": [],
              "duration": 4492,
              "root": false,
              "rootEmpty": false,
              "_timeout": 2000
            },
            {
              "uuid": "d68933b3-e21d-4b0f-b229-ba8f8c850853",
              "title": "Adding Items to Cart",
              "fullFile": "",
              "file": "",
              "beforeHooks": [],
              "afterHooks": [],
              "tests": [
                {
                  "title": "should add a product to cart using the Add to Cart button on product card",
                  "fullTitle": "Cart Management Adding Items to Cart should add a product to cart using the Add to Cart button on product card",
                  "timedOut": null,
                  "duration": 5495,
                  "state": "passed",
                  "speed": "medium",
                  "pass": true,
                  "fail": false,
                  "pending": false,
                  "context": null,
                  "code": "cy.interceptAPI('POST', '**', 'addToCartRequest');\ncy.get(SELECTORS.products.addToCart).first().click({\n  force: true\n});\ncy.wait(1000);\ncy.evidenceScreenshot('add-product-to-cart');",
                  "err": {},
                  "uuid": "71cee425-fa4d-482a-a171-75324b55850c",
                  "parentUUID": "d68933b3-e21d-4b0f-b229-ba8f8c850853",
                  "isHook": false,
                  "skipped": false
                },
                {
                  "title": "should reflect added item in cart when navigating to cart page",
                  "fullTitle": "Cart Management Adding Items to Cart should reflect added item in cart when navigating to cart page",
                  "timedOut": null,
                  "duration": 2976,
                  "state": "passed",
                  "speed": "fast",
                  "pass": true,
                  "fail": false,
                  "pending": false,
                  "context": null,
                  "code": "cy.get(SELECTORS.products.addToCart).first().click({\n  force: true\n});\ncy.wait(1500);\ncy.visit('/cart');\n// Either shows items or redirects to sign-in (if auth required)\ncy.url().then(url => {\n  if (url.includes('/cart')) {\n    cy.get('body').then($body => {\n      if ($body.text().includes('Your cart is empty')) {\n        cy.log('ISSUE: Item not persisted in cart — possible auth requirement');\n      } else {\n        cy.get('body').should('not.contain', 'Your cart is empty');\n      }\n    });\n  }\n});\ncy.evidenceScreenshot('cart-after-add');",
                  "err": {},
                  "uuid": "06c8cc90-20d9-4095-a199-601e5ae0ada3",
                  "parentUUID": "d68933b3-e21d-4b0f-b229-ba8f8c850853",
                  "isHook": false,
                  "skipped": false
                },
                {
                  "title": "should navigate to product details when clicking on a product card",
                  "fullTitle": "Cart Management Adding Items to Cart should navigate to product details when clicking on a product card",
                  "timedOut": null,
                  "duration": 2511,
                  "state": "passed",
                  "speed": "fast",
                  "pass": true,
                  "fail": false,
                  "pending": false,
                  "context": null,
                  "code": "cy.get(SELECTORS.products.cardLink).first().click();\ncy.url().should('include', '/product-details/');\ncy.get(SELECTORS.products.addToCartDetail).should('be.visible');\ncy.evidenceScreenshot('product-detail-add-to-cart');",
                  "err": {},
                  "uuid": "85438cfc-c238-4768-ac9f-39b51e7b3655",
                  "parentUUID": "d68933b3-e21d-4b0f-b229-ba8f8c850853",
                  "isHook": false,
                  "skipped": false
                },
                {
                  "title": "should show Add to Cart button on product detail page",
                  "fullTitle": "Cart Management Adding Items to Cart should show Add to Cart button on product detail page",
                  "timedOut": null,
                  "duration": 2197,
                  "state": "passed",
                  "speed": "fast",
                  "pass": true,
                  "fail": false,
                  "pending": false,
                  "context": null,
                  "code": "cy.visit('/product-details/21');\ncy.get(SELECTORS.products.addToCartDetail).should('be.visible').and('contain', 'Add to cart');\ncy.evidenceScreenshot('product-detail-add-btn');",
                  "err": {},
                  "uuid": "d35b5b8c-adb5-4dad-b268-94dc45367690",
                  "parentUUID": "d68933b3-e21d-4b0f-b229-ba8f8c850853",
                  "isHook": false,
                  "skipped": false
                }
              ],
              "suites": [],
              "passes": [
                "71cee425-fa4d-482a-a171-75324b55850c",
                "06c8cc90-20d9-4095-a199-601e5ae0ada3",
                "85438cfc-c238-4768-ac9f-39b51e7b3655",
                "d35b5b8c-adb5-4dad-b268-94dc45367690"
              ],
              "failures": [],
              "pending": [],
              "skipped": [],
              "duration": 13179,
              "root": false,
              "rootEmpty": false,
              "_timeout": 2000
            },
            {
              "uuid": "69aecb4f-5dd6-415a-b10b-ec67786508a2",
              "title": "Cart Navigation",
              "fullFile": "",
              "file": "",
              "beforeHooks": [],
              "afterHooks": [],
              "tests": [
                {
                  "title": "should navigate to cart page when clicking cart icon",
                  "fullTitle": "Cart Management Cart Navigation should navigate to cart page when clicking cart icon",
                  "timedOut": null,
                  "duration": 1593,
                  "state": "passed",
                  "speed": "fast",
                  "pass": true,
                  "fail": false,
                  "pending": false,
                  "context": null,
                  "code": "cy.visit('/home');\ncy.get(SELECTORS.nav.cart).click();\ncy.url().should('include', '/cart');\ncy.evidenceScreenshot('cart-icon-navigation');",
                  "err": {},
                  "uuid": "403490d8-38ed-475e-b38a-48eb01e9e6a1",
                  "parentUUID": "69aecb4f-5dd6-415a-b10b-ec67786508a2",
                  "isHook": false,
                  "skipped": false
                },
                {
                  "title": "should show cart item count badge in navigation",
                  "fullTitle": "Cart Management Cart Navigation should show cart item count badge in navigation",
                  "timedOut": null,
                  "duration": 1242,
                  "state": "passed",
                  "speed": "fast",
                  "pass": true,
                  "fail": false,
                  "pending": false,
                  "context": null,
                  "code": "cy.visit('/home');\ncy.get(SELECTORS.nav.cart).should('be.visible').and('contain', '0');\ncy.evidenceScreenshot('cart-badge-count');",
                  "err": {},
                  "uuid": "a6b133bc-5a26-4325-be12-7b196f599476",
                  "parentUUID": "69aecb4f-5dd6-415a-b10b-ec67786508a2",
                  "isHook": false,
                  "skipped": false
                }
              ],
              "suites": [],
              "passes": [
                "403490d8-38ed-475e-b38a-48eb01e9e6a1",
                "a6b133bc-5a26-4325-be12-7b196f599476"
              ],
              "failures": [],
              "pending": [],
              "skipped": [],
              "duration": 2835,
              "root": false,
              "rootEmpty": false,
              "_timeout": 2000
            }
          ],
          "passes": [],
          "failures": [],
          "pending": [],
          "skipped": [],
          "duration": 0,
          "root": false,
          "rootEmpty": false,
          "_timeout": 2000
        }
      ],
      "passes": [],
      "failures": [],
      "pending": [],
      "skipped": [],
      "duration": 0,
      "root": true,
      "rootEmpty": true,
      "_timeout": 2000
    }
  ],
  "meta": {
    "mocha": {
      "version": "7.2.0"
    },
    "mochawesome": {
      "options": {
        "quiet": false,
        "reportFilename": "mochawesome",
        "saveHtml": true,
        "saveJson": true,
        "consoleReporter": "spec",
        "useInlineDiffs": false,
        "code": true
      },
      "version": "7.1.4"
    },
    "marge": {
      "options": {
        "reportDir": "reports",
        "overwrite": false,
        "html": true,
        "json": true,
        "charts": true
      },
      "version": "6.3.2"
    }
  }
}