{
  "stats": {
    "suites": 4,
    "tests": 12,
    "passes": 11,
    "pending": 0,
    "failures": 1,
    "start": "2026-03-06T21:40:07.337Z",
    "end": "2026-03-06T21:41:04.257Z",
    "duration": 56920,
    "testsRegistered": 12,
    "passPercent": 91.66666666666666,
    "pendingPercent": 0,
    "other": 0,
    "hasOther": false,
    "skipped": 0,
    "hasSkipped": false
  },
  "results": [
    {
      "uuid": "e5e321e2-8bc9-4d03-b1eb-c3fd7931a2c8",
      "title": "",
      "fullFile": "cypress/e2e/catalog/product-browsing.cy.js",
      "file": "cypress/e2e/catalog/product-browsing.cy.js",
      "beforeHooks": [],
      "afterHooks": [],
      "tests": [],
      "suites": [
        {
          "uuid": "455ee2bc-7371-4daf-8249-74e6451f5790",
          "title": "Product Catalog — Browsing & Search",
          "fullFile": "",
          "file": "",
          "beforeHooks": [],
          "afterHooks": [],
          "tests": [],
          "suites": [
            {
              "uuid": "c962bd2f-00f1-4082-88a6-ddd4f5d2672c",
              "title": "Homepage & Category Navigation",
              "fullFile": "",
              "file": "",
              "beforeHooks": [],
              "afterHooks": [],
              "tests": [
                {
                  "title": "should display category links in the navigation bar",
                  "fullTitle": "Product Catalog — Browsing & Search Homepage & Category Navigation should display category links in the navigation bar",
                  "timedOut": null,
                  "duration": 11308,
                  "state": "failed",
                  "speed": null,
                  "pass": false,
                  "fail": true,
                  "pending": false,
                  "context": null,
                  "code": "cy.fixture('products').then(products => {\n  products.categories.forEach(category => {\n    cy.get(SELECTORS.nav.categoryLinks).contains(category).should('be.visible');\n  });\n  cy.evidenceScreenshot('homepage-categories-nav');\n});",
                  "err": {
                    "message": "AssertionError: Timed out retrying after 10000ms: Expected to find content: 'Maintenance' within the element: <a.link> but never did.",
                    "estack": "AssertionError: Timed out retrying after 10000ms: Expected to find content: 'Maintenance' within the element: <a.link> but never did.\n    at eval (webpack://octane-qa-task/./cypress/e2e/catalog/product-browsing.cy.js:15:65)\nat Array.forEach (<anonymous>)\n    at Context.eval (webpack://octane-qa-task/./cypress/e2e/catalog/product-browsing.cy.js:14:28)\n    at getRet (https://uat-ostore.vercel.app/__cypress/runner/cypress_runner.js:122806:20)\n    at tryCatcher (https://uat-ostore.vercel.app/__cypress/runner/cypress_runner.js:1777:23)\n    at Promise.attempt.Promise.try (https://uat-ostore.vercel.app/__cypress/runner/cypress_runner.js:4285:29)\n    at Context.thenFn (https://uat-ostore.vercel.app/__cypress/runner/cypress_runner.js:122817:66)\n    at Context.then (https://uat-ostore.vercel.app/__cypress/runner/cypress_runner.js:123068:21)\n    at wrapped (https://uat-ostore.vercel.app/__cypress/runner/cypress_runner.js:146326:19)",
                    "diff": null
                  },
                  "uuid": "5600b059-f3d0-4d0b-b1f1-3defb2050a47",
                  "parentUUID": "c962bd2f-00f1-4082-88a6-ddd4f5d2672c",
                  "isHook": false,
                  "skipped": false
                },
                {
                  "title": "should display product category cards (Shop Collection section)",
                  "fullTitle": "Product Catalog — Browsing & Search Homepage & Category Navigation should display product category cards (Shop Collection section)",
                  "timedOut": null,
                  "duration": 10588,
                  "state": "passed",
                  "speed": "slow",
                  "pass": true,
                  "fail": false,
                  "pending": false,
                  "context": null,
                  "code": "cy.get(SELECTORS.products.categoryCard).should('have.length.greaterThan', 0);\ncy.get(SELECTORS.products.categoryName).first().should('be.visible');\ncy.evidenceScreenshot('homepage-category-cards');",
                  "err": {},
                  "uuid": "48c97e75-0b87-495a-ac8a-f865075f9810",
                  "parentUUID": "c962bd2f-00f1-4082-88a6-ddd4f5d2672c",
                  "isHook": false,
                  "skipped": false
                },
                {
                  "title": "should navigate to Oils category when clicking Oils link",
                  "fullTitle": "Product Catalog — Browsing & Search Homepage & Category Navigation should navigate to Oils category when clicking Oils link",
                  "timedOut": null,
                  "duration": 1821,
                  "state": "passed",
                  "speed": "fast",
                  "pass": true,
                  "fail": false,
                  "pending": false,
                  "context": null,
                  "code": "cy.interceptAPI('GET', '**/category/**', 'categoryRequest');\ncy.get(SELECTORS.nav.categoryLinks).contains('Oils').click();\ncy.url().should('include', '/category/Oils');\ncy.evidenceScreenshot('oils-category-page');",
                  "err": {},
                  "uuid": "e9b1a735-a90c-465a-a643-968f48912ce2",
                  "parentUUID": "c962bd2f-00f1-4082-88a6-ddd4f5d2672c",
                  "isHook": false,
                  "skipped": false
                },
                {
                  "title": "should navigate to Tires category when clicking Tires link",
                  "fullTitle": "Product Catalog — Browsing & Search Homepage & Category Navigation should navigate to Tires category when clicking Tires link",
                  "timedOut": null,
                  "duration": 1399,
                  "state": "passed",
                  "speed": "fast",
                  "pass": true,
                  "fail": false,
                  "pending": false,
                  "context": null,
                  "code": "cy.get(SELECTORS.nav.categoryLinks).contains('Tires').click();\ncy.url().should('include', '/category/Tires');\ncy.evidenceScreenshot('tires-category-page');",
                  "err": {},
                  "uuid": "bf49a5f1-20e7-4594-a3ab-05e8994e1f95",
                  "parentUUID": "c962bd2f-00f1-4082-88a6-ddd4f5d2672c",
                  "isHook": false,
                  "skipped": false
                },
                {
                  "title": "should navigate to Batteries category when clicking Batteries link",
                  "fullTitle": "Product Catalog — Browsing & Search Homepage & Category Navigation should navigate to Batteries category when clicking Batteries link",
                  "timedOut": null,
                  "duration": 1903,
                  "state": "passed",
                  "speed": "fast",
                  "pass": true,
                  "fail": false,
                  "pending": false,
                  "context": null,
                  "code": "cy.get(SELECTORS.nav.categoryLinks).contains('Batteries').click();\ncy.url().should('include', '/category/Batteries');\ncy.evidenceScreenshot('batteries-category-page');",
                  "err": {},
                  "uuid": "9c6da939-ad00-44c2-bb89-13281b5b2675",
                  "parentUUID": "c962bd2f-00f1-4082-88a6-ddd4f5d2672c",
                  "isHook": false,
                  "skipped": false
                },
                {
                  "title": "should navigate to All Products page when clicking All Products link",
                  "fullTitle": "Product Catalog — Browsing & Search Homepage & Category Navigation should navigate to All Products page when clicking All Products link",
                  "timedOut": null,
                  "duration": 1614,
                  "state": "passed",
                  "speed": "fast",
                  "pass": true,
                  "fail": false,
                  "pending": false,
                  "context": null,
                  "code": "cy.get(SELECTORS.nav.categoryLinks).contains('All Products').click();\ncy.url().should('include', '/products');\ncy.evidenceScreenshot('all-products-page');",
                  "err": {},
                  "uuid": "287cf662-8306-47ca-aba3-dc44a02a123c",
                  "parentUUID": "c962bd2f-00f1-4082-88a6-ddd4f5d2672c",
                  "isHook": false,
                  "skipped": false
                }
              ],
              "suites": [],
              "passes": [
                "48c97e75-0b87-495a-ac8a-f865075f9810",
                "e9b1a735-a90c-465a-a643-968f48912ce2",
                "bf49a5f1-20e7-4594-a3ab-05e8994e1f95",
                "9c6da939-ad00-44c2-bb89-13281b5b2675",
                "287cf662-8306-47ca-aba3-dc44a02a123c"
              ],
              "failures": [
                "5600b059-f3d0-4d0b-b1f1-3defb2050a47"
              ],
              "pending": [],
              "skipped": [],
              "duration": 28633,
              "root": false,
              "rootEmpty": false,
              "_timeout": 2000
            },
            {
              "uuid": "dce30519-5007-4993-8968-0f91c6c2b58d",
              "title": "Product Listing",
              "fullFile": "",
              "file": "",
              "beforeHooks": [],
              "afterHooks": [],
              "tests": [
                {
                  "title": "should display product cards with name, price, and Add to Cart button",
                  "fullTitle": "Product Catalog — Browsing & Search Product Listing should display product cards with name, price, and Add to Cart button",
                  "timedOut": null,
                  "duration": 2296,
                  "state": "passed",
                  "speed": "fast",
                  "pass": true,
                  "fail": false,
                  "pending": false,
                  "context": null,
                  "code": "cy.get(SELECTORS.products.card).should('have.length.greaterThan', 0);\ncy.get(SELECTORS.products.card).first().within(() => {\n  cy.get(SELECTORS.products.name).should('be.visible');\n  cy.get(SELECTORS.products.price).should('be.visible');\n  cy.get(SELECTORS.products.addToCart).should('be.visible').and('contain', 'Add to cart');\n});\ncy.evidenceScreenshot('product-listing-cards');",
                  "err": {},
                  "uuid": "63c187d3-c619-4072-b5cb-9108a64ec6bc",
                  "parentUUID": "dce30519-5007-4993-8968-0f91c6c2b58d",
                  "isHook": false,
                  "skipped": false
                },
                {
                  "title": "should show product prices in EGP currency",
                  "fullTitle": "Product Catalog — Browsing & Search Product Listing should show product prices in EGP currency",
                  "timedOut": null,
                  "duration": 2472,
                  "state": "passed",
                  "speed": "fast",
                  "pass": true,
                  "fail": false,
                  "pending": false,
                  "context": null,
                  "code": "cy.get(SELECTORS.products.price).first().should('contain', 'EGP');\ncy.evidenceScreenshot('product-prices-currency');",
                  "err": {},
                  "uuid": "091c1fcc-79f2-4316-9136-193be3fe18b0",
                  "parentUUID": "dce30519-5007-4993-8968-0f91c6c2b58d",
                  "isHook": false,
                  "skipped": false
                },
                {
                  "title": "should open product detail page when clicking on a product card",
                  "fullTitle": "Product Catalog — Browsing & Search Product Listing should open product detail page when clicking on a product card",
                  "timedOut": null,
                  "duration": 2721,
                  "state": "passed",
                  "speed": "fast",
                  "pass": true,
                  "fail": false,
                  "pending": false,
                  "context": null,
                  "code": "cy.get(SELECTORS.products.cardLink).first().click();\ncy.url().should('include', '/product-details/');\ncy.evidenceScreenshot('product-detail-page');",
                  "err": {},
                  "uuid": "f0019e2a-493b-41ae-b682-be7c0a1fcd3c",
                  "parentUUID": "dce30519-5007-4993-8968-0f91c6c2b58d",
                  "isHook": false,
                  "skipped": false
                }
              ],
              "suites": [],
              "passes": [
                "63c187d3-c619-4072-b5cb-9108a64ec6bc",
                "091c1fcc-79f2-4316-9136-193be3fe18b0",
                "f0019e2a-493b-41ae-b682-be7c0a1fcd3c"
              ],
              "failures": [],
              "pending": [],
              "skipped": [],
              "duration": 7489,
              "root": false,
              "rootEmpty": false,
              "_timeout": 2000
            },
            {
              "uuid": "8a16d24e-ce11-4a63-8022-83e3e4fde98a",
              "title": "Product Search",
              "fullFile": "",
              "file": "",
              "beforeHooks": [],
              "afterHooks": [],
              "tests": [
                {
                  "title": "should display search results for a valid search term",
                  "fullTitle": "Product Catalog — Browsing & Search Product Search should display search results for a valid search term",
                  "timedOut": null,
                  "duration": 2741,
                  "state": "passed",
                  "speed": "fast",
                  "pass": true,
                  "fail": false,
                  "pending": false,
                  "context": null,
                  "code": "cy.fixture('products').then(products => {\n  cy.interceptAPI('GET', '**', 'searchRequest');\n  cy.get(SELECTORS.nav.searchInput).should('be.visible').clear().type(products.searchTerms.valid);\n  cy.get(SELECTORS.products.card).should('have.length.greaterThan', 0);\n  cy.evidenceScreenshot('search-results-valid');\n});",
                  "err": {},
                  "uuid": "079f4473-5c41-447c-8bb5-655911381e31",
                  "parentUUID": "8a16d24e-ce11-4a63-8022-83e3e4fde98a",
                  "isHook": false,
                  "skipped": false
                },
                {
                  "title": "should show empty state for a search term with no results",
                  "fullTitle": "Product Catalog — Browsing & Search Product Search should show empty state for a search term with no results",
                  "timedOut": null,
                  "duration": 3462,
                  "state": "passed",
                  "speed": "fast",
                  "pass": true,
                  "fail": false,
                  "pending": false,
                  "context": null,
                  "code": "cy.fixture('products').then(products => {\n  cy.get(SELECTORS.nav.searchInput).should('be.visible').clear().type(products.searchTerms.noResults);\n  cy.get('body').should('contain.text', 'No');\n  cy.evidenceScreenshot('search-results-empty');\n});",
                  "err": {},
                  "uuid": "5a9b8ea6-bb44-4312-8ef5-f9c829bf6cea",
                  "parentUUID": "8a16d24e-ce11-4a63-8022-83e3e4fde98a",
                  "isHook": false,
                  "skipped": false
                },
                {
                  "title": "should navigate to product page via URL for Best Sellers",
                  "fullTitle": "Product Catalog — Browsing & Search Product Search should navigate to product page via URL for Best Sellers",
                  "timedOut": null,
                  "duration": 1319,
                  "state": "passed",
                  "speed": "fast",
                  "pass": true,
                  "fail": false,
                  "pending": false,
                  "context": null,
                  "code": "cy.visit('/best-sellers');\ncy.evidenceScreenshot('best-sellers-page');",
                  "err": {},
                  "uuid": "578f95a0-f3ec-4a6b-ae2d-867f0e17454d",
                  "parentUUID": "8a16d24e-ce11-4a63-8022-83e3e4fde98a",
                  "isHook": false,
                  "skipped": false
                }
              ],
              "suites": [],
              "passes": [
                "079f4473-5c41-447c-8bb5-655911381e31",
                "5a9b8ea6-bb44-4312-8ef5-f9c829bf6cea",
                "578f95a0-f3ec-4a6b-ae2d-867f0e17454d"
              ],
              "failures": [],
              "pending": [],
              "skipped": [],
              "duration": 7522,
              "root": false,
              "rootEmpty": false,
              "_timeout": 2000
            }
          ],
          "passes": [],
          "failures": [],
          "pending": [],
          "skipped": [],
          "duration": 0,
          "root": false,
          "rootEmpty": false,
          "_timeout": 2000
        }
      ],
      "passes": [],
      "failures": [],
      "pending": [],
      "skipped": [],
      "duration": 0,
      "root": true,
      "rootEmpty": true,
      "_timeout": 2000
    }
  ],
  "meta": {
    "mocha": {
      "version": "7.2.0"
    },
    "mochawesome": {
      "options": {
        "quiet": false,
        "reportFilename": "mochawesome",
        "saveHtml": true,
        "saveJson": true,
        "consoleReporter": "spec",
        "useInlineDiffs": false,
        "code": true
      },
      "version": "7.1.4"
    },
    "marge": {
      "options": {
        "reportDir": "reports",
        "overwrite": false,
        "html": true,
        "json": true,
        "charts": true
      },
      "version": "6.3.2"
    }
  }
}