{
  "stats": {
    "suites": 6,
    "tests": 12,
    "passes": 12,
    "pending": 0,
    "failures": 0,
    "start": "2026-03-06T22:06:07.783Z",
    "end": "2026-03-06T22:06:50.196Z",
    "duration": 42413,
    "testsRegistered": 12,
    "passPercent": 100,
    "pendingPercent": 0,
    "other": 0,
    "hasOther": false,
    "skipped": 0,
    "hasSkipped": false
  },
  "results": [
    {
      "uuid": "0ac55888-88d5-4adc-8930-cb848d57efc5",
      "title": "",
      "fullFile": "cypress/e2e/responsive/mobile-responsiveness.cy.js",
      "file": "cypress/e2e/responsive/mobile-responsiveness.cy.js",
      "beforeHooks": [],
      "afterHooks": [],
      "tests": [],
      "suites": [
        {
          "uuid": "06e2a4e1-5f46-430c-a31e-fce224fe1c5a",
          "title": "Mobile Responsiveness",
          "fullFile": "",
          "file": "",
          "beforeHooks": [],
          "afterHooks": [],
          "tests": [],
          "suites": [
            {
              "uuid": "14698769-3097-45eb-a51d-0d5829569078",
              "title": "Homepage on Mobile",
              "fullFile": "",
              "file": "",
              "beforeHooks": [],
              "afterHooks": [],
              "tests": [
                {
                  "title": "should render the homepage without horizontal overflow on mobile",
                  "fullTitle": "Mobile Responsiveness Homepage on Mobile should render the homepage without horizontal overflow on mobile",
                  "timedOut": null,
                  "duration": 1423,
                  "state": "passed",
                  "speed": "fast",
                  "pass": true,
                  "fail": false,
                  "pending": false,
                  "context": null,
                  "code": "cy.visit('/home');\ncy.get('body').invoke('prop', 'scrollWidth').then(scrollWidth => {\n  cy.window().its('innerWidth').then(innerWidth => {\n    if (scrollWidth > innerWidth) {\n      cy.log(`ISSUE: Horizontal overflow detected — scrollWidth (${scrollWidth}) > viewportWidth (${innerWidth})`);\n    }\n    expect(scrollWidth).to.be.lte(innerWidth + 5); // 5px tolerance\n  });\n});\ncy.evidenceScreenshot('mobile-homepage-no-overflow');",
                  "err": {},
                  "uuid": "64b5feef-3f8f-4834-b35f-53aee913fcf9",
                  "parentUUID": "14698769-3097-45eb-a51d-0d5829569078",
                  "isHook": false,
                  "skipped": false
                },
                {
                  "title": "should display the navigation bar on mobile",
                  "fullTitle": "Mobile Responsiveness Homepage on Mobile should display the navigation bar on mobile",
                  "timedOut": null,
                  "duration": 1579,
                  "state": "passed",
                  "speed": "fast",
                  "pass": true,
                  "fail": false,
                  "pending": false,
                  "context": null,
                  "code": "cy.visit('/home');\ncy.get('.navigation-Bar').should('be.visible');\ncy.evidenceScreenshot('mobile-nav-visible');",
                  "err": {},
                  "uuid": "6f24970a-9e03-49db-b761-a0b5904ec534",
                  "parentUUID": "14698769-3097-45eb-a51d-0d5829569078",
                  "isHook": false,
                  "skipped": false
                },
                {
                  "title": "should display the Log In and Sign Up buttons on mobile",
                  "fullTitle": "Mobile Responsiveness Homepage on Mobile should display the Log In and Sign Up buttons on mobile",
                  "timedOut": null,
                  "duration": 1513,
                  "state": "passed",
                  "speed": "fast",
                  "pass": true,
                  "fail": false,
                  "pending": false,
                  "context": null,
                  "code": "cy.visit('/home');\ncy.get(SELECTORS.nav.loginLink).should('be.visible');\ncy.get(SELECTORS.nav.signupBtn).should('be.visible');\ncy.evidenceScreenshot('mobile-auth-buttons');",
                  "err": {},
                  "uuid": "5bd99622-d9f1-4542-a59e-125d0a14b073",
                  "parentUUID": "14698769-3097-45eb-a51d-0d5829569078",
                  "isHook": false,
                  "skipped": false
                },
                {
                  "title": "should display product cards stacked vertically on mobile",
                  "fullTitle": "Mobile Responsiveness Homepage on Mobile should display product cards stacked vertically on mobile",
                  "timedOut": null,
                  "duration": 8259,
                  "state": "passed",
                  "speed": "medium",
                  "pass": true,
                  "fail": false,
                  "pending": false,
                  "context": null,
                  "code": "cy.visit('/products');\ncy.wait(2000);\ncy.get(SELECTORS.products.card).should('have.length.greaterThan', 0);\ncy.evidenceScreenshot('mobile-product-cards');",
                  "err": {},
                  "uuid": "900ea9e9-9053-4cdf-acaa-a712f6e99ace",
                  "parentUUID": "14698769-3097-45eb-a51d-0d5829569078",
                  "isHook": false,
                  "skipped": false
                },
                {
                  "title": "should display the search bar on mobile",
                  "fullTitle": "Mobile Responsiveness Homepage on Mobile should display the search bar on mobile",
                  "timedOut": null,
                  "duration": 2772,
                  "state": "passed",
                  "speed": "fast",
                  "pass": true,
                  "fail": false,
                  "pending": false,
                  "context": null,
                  "code": "cy.visit('/home');\ncy.get(SELECTORS.nav.searchInput).should('exist');\ncy.evidenceScreenshot('mobile-search-bar');",
                  "err": {},
                  "uuid": "1d46f110-59ea-42f2-b190-f16d19772a5b",
                  "parentUUID": "14698769-3097-45eb-a51d-0d5829569078",
                  "isHook": false,
                  "skipped": false
                }
              ],
              "suites": [],
              "passes": [
                "64b5feef-3f8f-4834-b35f-53aee913fcf9",
                "6f24970a-9e03-49db-b761-a0b5904ec534",
                "5bd99622-d9f1-4542-a59e-125d0a14b073",
                "900ea9e9-9053-4cdf-acaa-a712f6e99ace",
                "1d46f110-59ea-42f2-b190-f16d19772a5b"
              ],
              "failures": [],
              "pending": [],
              "skipped": [],
              "duration": 15546,
              "root": false,
              "rootEmpty": false,
              "_timeout": 2000
            },
            {
              "uuid": "1e7386c2-1929-4cb3-80ba-b3c4b45e6d4e",
              "title": "Category Navigation on Mobile",
              "fullFile": "",
              "file": "",
              "beforeHooks": [],
              "afterHooks": [],
              "tests": [
                {
                  "title": "should display category links on mobile viewport",
                  "fullTitle": "Mobile Responsiveness Category Navigation on Mobile should display category links on mobile viewport",
                  "timedOut": null,
                  "duration": 2529,
                  "state": "passed",
                  "speed": "fast",
                  "pass": true,
                  "fail": false,
                  "pending": false,
                  "context": null,
                  "code": "cy.visit('/home');\ncy.get(SELECTORS.nav.categoryLinks).should('have.length.greaterThan', 0);\ncy.evidenceScreenshot('mobile-category-links');",
                  "err": {},
                  "uuid": "64604078-59be-44f9-9649-c9b3d8663de7",
                  "parentUUID": "1e7386c2-1929-4cb3-80ba-b3c4b45e6d4e",
                  "isHook": false,
                  "skipped": false
                },
                {
                  "title": "should navigate to product category on mobile tap",
                  "fullTitle": "Mobile Responsiveness Category Navigation on Mobile should navigate to product category on mobile tap",
                  "timedOut": null,
                  "duration": 1576,
                  "state": "passed",
                  "speed": "fast",
                  "pass": true,
                  "fail": false,
                  "pending": false,
                  "context": null,
                  "code": "cy.visit('/home');\ncy.get(SELECTORS.nav.categoryLinks).contains('Tires').click({\n  force: true\n});\ncy.url().should('include', '/category/Tires');\ncy.evidenceScreenshot('mobile-category-navigation');",
                  "err": {},
                  "uuid": "2f820110-1fe9-4e24-9270-0ee9efc0ec42",
                  "parentUUID": "1e7386c2-1929-4cb3-80ba-b3c4b45e6d4e",
                  "isHook": false,
                  "skipped": false
                }
              ],
              "suites": [],
              "passes": [
                "64604078-59be-44f9-9649-c9b3d8663de7",
                "2f820110-1fe9-4e24-9270-0ee9efc0ec42"
              ],
              "failures": [],
              "pending": [],
              "skipped": [],
              "duration": 4105,
              "root": false,
              "rootEmpty": false,
              "_timeout": 2000
            },
            {
              "uuid": "a4172f38-cc5d-4e1f-a75c-3edcf3a73735",
              "title": "Product Interaction on Mobile",
              "fullFile": "",
              "file": "",
              "beforeHooks": [],
              "afterHooks": [],
              "tests": [
                {
                  "title": "should show Add to Cart buttons on mobile product cards",
                  "fullTitle": "Mobile Responsiveness Product Interaction on Mobile should show Add to Cart buttons on mobile product cards",
                  "timedOut": null,
                  "duration": 8064,
                  "state": "passed",
                  "speed": "medium",
                  "pass": true,
                  "fail": false,
                  "pending": false,
                  "context": null,
                  "code": "cy.visit('/products');\ncy.wait(2000);\ncy.get(SELECTORS.products.addToCart).first().should('be.visible');\ncy.evidenceScreenshot('mobile-add-to-cart-btn');",
                  "err": {},
                  "uuid": "18dd4b52-d27b-4540-8a57-d40feb91bb90",
                  "parentUUID": "a4172f38-cc5d-4e1f-a75c-3edcf3a73735",
                  "isHook": false,
                  "skipped": false
                },
                {
                  "title": "should allow tapping Add to Cart on mobile",
                  "fullTitle": "Mobile Responsiveness Product Interaction on Mobile should allow tapping Add to Cart on mobile",
                  "timedOut": null,
                  "duration": 9071,
                  "state": "passed",
                  "speed": "medium",
                  "pass": true,
                  "fail": false,
                  "pending": false,
                  "context": null,
                  "code": "cy.visit('/products');\ncy.wait(2000);\ncy.get(SELECTORS.products.addToCart).first().click({\n  force: true\n});\ncy.wait(1000);\ncy.evidenceScreenshot('mobile-tap-add-to-cart');",
                  "err": {},
                  "uuid": "a82c9c06-3c88-4b88-aff7-422f0dc2770f",
                  "parentUUID": "a4172f38-cc5d-4e1f-a75c-3edcf3a73735",
                  "isHook": false,
                  "skipped": false
                },
                {
                  "title": "should open product detail page on mobile",
                  "fullTitle": "Mobile Responsiveness Product Interaction on Mobile should open product detail page on mobile",
                  "timedOut": null,
                  "duration": 3501,
                  "state": "passed",
                  "speed": "fast",
                  "pass": true,
                  "fail": false,
                  "pending": false,
                  "context": null,
                  "code": "cy.visit('/products');\ncy.wait(2000);\ncy.get(SELECTORS.products.cardLink).first().click({\n  force: true\n});\ncy.url().should('include', '/product-details/');\ncy.evidenceScreenshot('mobile-product-detail');",
                  "err": {},
                  "uuid": "d686b705-d6e2-4e29-9b88-37ac862a6270",
                  "parentUUID": "a4172f38-cc5d-4e1f-a75c-3edcf3a73735",
                  "isHook": false,
                  "skipped": false
                }
              ],
              "suites": [],
              "passes": [
                "18dd4b52-d27b-4540-8a57-d40feb91bb90",
                "a82c9c06-3c88-4b88-aff7-422f0dc2770f",
                "d686b705-d6e2-4e29-9b88-37ac862a6270"
              ],
              "failures": [],
              "pending": [],
              "skipped": [],
              "duration": 20636,
              "root": false,
              "rootEmpty": false,
              "_timeout": 2000
            },
            {
              "uuid": "38e3759a-83bf-450b-9e84-fb345eee6264",
              "title": "Cart Page on Mobile",
              "fullFile": "",
              "file": "",
              "beforeHooks": [],
              "afterHooks": [],
              "tests": [
                {
                  "title": "should render cart page correctly on mobile",
                  "fullTitle": "Mobile Responsiveness Cart Page on Mobile should render cart page correctly on mobile",
                  "timedOut": null,
                  "duration": 1168,
                  "state": "passed",
                  "speed": "fast",
                  "pass": true,
                  "fail": false,
                  "pending": false,
                  "context": null,
                  "code": "cy.visit('/cart');\ncy.get('.navigation-Bar').should('be.visible');\ncy.get('body').should('contain.text', 'cart');\ncy.evidenceScreenshot('mobile-cart-page');",
                  "err": {},
                  "uuid": "29c94607-99c3-4c64-891a-895da3a9596b",
                  "parentUUID": "38e3759a-83bf-450b-9e84-fb345eee6264",
                  "isHook": false,
                  "skipped": false
                }
              ],
              "suites": [],
              "passes": [
                "29c94607-99c3-4c64-891a-895da3a9596b"
              ],
              "failures": [],
              "pending": [],
              "skipped": [],
              "duration": 1168,
              "root": false,
              "rootEmpty": false,
              "_timeout": 2000
            },
            {
              "uuid": "a0dfd486-affb-482b-bf61-8489b1d25f24",
              "title": "Sign-in Page on Mobile",
              "fullFile": "",
              "file": "",
              "beforeHooks": [],
              "afterHooks": [],
              "tests": [
                {
                  "title": "should render the sign-in form correctly on mobile",
                  "fullTitle": "Mobile Responsiveness Sign-in Page on Mobile should render the sign-in form correctly on mobile",
                  "timedOut": null,
                  "duration": 795,
                  "state": "passed",
                  "speed": "fast",
                  "pass": true,
                  "fail": false,
                  "pending": false,
                  "context": null,
                  "code": "cy.visit('/sign-in');\ncy.get(SELECTORS.auth.emailInput).should('be.visible');\ncy.get(SELECTORS.auth.passwordInput).should('be.visible');\ncy.get(SELECTORS.auth.loginBtn).should('be.visible');\ncy.evidenceScreenshot('mobile-sign-in-form');",
                  "err": {},
                  "uuid": "e4618554-0644-48b3-a146-87f0aaf24e8d",
                  "parentUUID": "a0dfd486-affb-482b-bf61-8489b1d25f24",
                  "isHook": false,
                  "skipped": false
                }
              ],
              "suites": [],
              "passes": [
                "e4618554-0644-48b3-a146-87f0aaf24e8d"
              ],
              "failures": [],
              "pending": [],
              "skipped": [],
              "duration": 795,
              "root": false,
              "rootEmpty": false,
              "_timeout": 2000
            }
          ],
          "passes": [],
          "failures": [],
          "pending": [],
          "skipped": [],
          "duration": 0,
          "root": false,
          "rootEmpty": false,
          "_timeout": 2000
        }
      ],
      "passes": [],
      "failures": [],
      "pending": [],
      "skipped": [],
      "duration": 0,
      "root": true,
      "rootEmpty": true,
      "_timeout": 2000
    }
  ],
  "meta": {
    "mocha": {
      "version": "7.2.0"
    },
    "mochawesome": {
      "options": {
        "quiet": false,
        "reportFilename": "mochawesome",
        "saveHtml": true,
        "saveJson": true,
        "consoleReporter": "spec",
        "useInlineDiffs": false,
        "code": true
      },
      "version": "7.1.4"
    },
    "marge": {
      "options": {
        "reportDir": "reports",
        "overwrite": false,
        "html": true,
        "json": true,
        "charts": true
      },
      "version": "6.3.2"
    }
  }
}