{
  "stats": {
    "suites": 4,
    "tests": 12,
    "passes": 12,
    "pending": 0,
    "failures": 0,
    "start": "2026-03-06T21:56:04.245Z",
    "end": "2026-03-06T21:56:42.010Z",
    "duration": 37765,
    "testsRegistered": 12,
    "passPercent": 100,
    "pendingPercent": 0,
    "other": 0,
    "hasOther": false,
    "skipped": 0,
    "hasSkipped": false
  },
  "results": [
    {
      "uuid": "eff157da-7698-439b-b5cf-93c95560041b",
      "title": "",
      "fullFile": "cypress/e2e/catalog/product-browsing.cy.js",
      "file": "cypress/e2e/catalog/product-browsing.cy.js",
      "beforeHooks": [],
      "afterHooks": [],
      "tests": [],
      "suites": [
        {
          "uuid": "31798482-3b1d-409d-8620-949adbc1acf0",
          "title": "Product Catalog — Browsing & Search",
          "fullFile": "",
          "file": "",
          "beforeHooks": [],
          "afterHooks": [],
          "tests": [],
          "suites": [
            {
              "uuid": "724d96ca-774e-4d1a-b182-7ed9db0816c4",
              "title": "Homepage & Category Navigation",
              "fullFile": "",
              "file": "",
              "beforeHooks": [],
              "afterHooks": [],
              "tests": [
                {
                  "title": "should display category links in the navigation bar",
                  "fullTitle": "Product Catalog — Browsing & Search Homepage & Category Navigation should display category links in the navigation bar",
                  "timedOut": null,
                  "duration": 4185,
                  "state": "passed",
                  "speed": "fast",
                  "pass": true,
                  "fail": false,
                  "pending": false,
                  "context": null,
                  "code": "cy.fixture('products').then(products => {\n  products.categories.forEach(category => {\n    cy.get(SELECTORS.nav.categoryLinks).contains(category).should('be.visible');\n  });\n  cy.evidenceScreenshot('homepage-categories-nav');\n});",
                  "err": {},
                  "uuid": "f1202cdf-871b-4102-9ae2-261a2d584a0b",
                  "parentUUID": "724d96ca-774e-4d1a-b182-7ed9db0816c4",
                  "isHook": false,
                  "skipped": false
                },
                {
                  "title": "should display product category cards (Shop Collection section)",
                  "fullTitle": "Product Catalog — Browsing & Search Homepage & Category Navigation should display product category cards (Shop Collection section)",
                  "timedOut": null,
                  "duration": 10884,
                  "state": "passed",
                  "speed": "slow",
                  "pass": true,
                  "fail": false,
                  "pending": false,
                  "context": null,
                  "code": "cy.get(SELECTORS.products.categoryCard).should('have.length.greaterThan', 0);\ncy.get(SELECTORS.products.categoryName).first().should('be.visible');\ncy.evidenceScreenshot('homepage-category-cards');",
                  "err": {},
                  "uuid": "b9542755-3204-446b-9cb3-a180657c6f22",
                  "parentUUID": "724d96ca-774e-4d1a-b182-7ed9db0816c4",
                  "isHook": false,
                  "skipped": false
                },
                {
                  "title": "should navigate to Oils category when clicking Oils link",
                  "fullTitle": "Product Catalog — Browsing & Search Homepage & Category Navigation should navigate to Oils category when clicking Oils link",
                  "timedOut": null,
                  "duration": 1622,
                  "state": "passed",
                  "speed": "fast",
                  "pass": true,
                  "fail": false,
                  "pending": false,
                  "context": null,
                  "code": "cy.interceptAPI('GET', '**/category/**', 'categoryRequest');\ncy.get(SELECTORS.nav.categoryLinks).contains('Oils').click();\ncy.url().should('include', '/category/Oils');\ncy.evidenceScreenshot('oils-category-page');",
                  "err": {},
                  "uuid": "7be1ddb1-4c72-458f-8dc4-7fae49b620e3",
                  "parentUUID": "724d96ca-774e-4d1a-b182-7ed9db0816c4",
                  "isHook": false,
                  "skipped": false
                },
                {
                  "title": "should navigate to Tires category when clicking Tires link",
                  "fullTitle": "Product Catalog — Browsing & Search Homepage & Category Navigation should navigate to Tires category when clicking Tires link",
                  "timedOut": null,
                  "duration": 1386,
                  "state": "passed",
                  "speed": "fast",
                  "pass": true,
                  "fail": false,
                  "pending": false,
                  "context": null,
                  "code": "cy.get(SELECTORS.nav.categoryLinks).contains('Tires').click();\ncy.url().should('include', '/category/Tires');\ncy.evidenceScreenshot('tires-category-page');",
                  "err": {},
                  "uuid": "d018486e-9f70-4613-ba75-b2ea18202f0b",
                  "parentUUID": "724d96ca-774e-4d1a-b182-7ed9db0816c4",
                  "isHook": false,
                  "skipped": false
                },
                {
                  "title": "should navigate to Batteries category when clicking Batteries link",
                  "fullTitle": "Product Catalog — Browsing & Search Homepage & Category Navigation should navigate to Batteries category when clicking Batteries link",
                  "timedOut": null,
                  "duration": 1716,
                  "state": "passed",
                  "speed": "fast",
                  "pass": true,
                  "fail": false,
                  "pending": false,
                  "context": null,
                  "code": "cy.get(SELECTORS.nav.categoryLinks).contains('Batteries').click();\ncy.url().should('include', '/category/Batteries');\ncy.evidenceScreenshot('batteries-category-page');",
                  "err": {},
                  "uuid": "08ad9b8c-af01-4328-b581-e02a3b5d647b",
                  "parentUUID": "724d96ca-774e-4d1a-b182-7ed9db0816c4",
                  "isHook": false,
                  "skipped": false
                },
                {
                  "title": "should navigate to All Products page when clicking All Products link",
                  "fullTitle": "Product Catalog — Browsing & Search Homepage & Category Navigation should navigate to All Products page when clicking All Products link",
                  "timedOut": null,
                  "duration": 1461,
                  "state": "passed",
                  "speed": "fast",
                  "pass": true,
                  "fail": false,
                  "pending": false,
                  "context": null,
                  "code": "cy.get(SELECTORS.nav.categoryLinks).contains('All Products').click();\ncy.url().should('include', '/products');\ncy.evidenceScreenshot('all-products-page');",
                  "err": {},
                  "uuid": "3072e026-9623-4c6a-a5e9-d52fa91872b7",
                  "parentUUID": "724d96ca-774e-4d1a-b182-7ed9db0816c4",
                  "isHook": false,
                  "skipped": false
                }
              ],
              "suites": [],
              "passes": [
                "f1202cdf-871b-4102-9ae2-261a2d584a0b",
                "b9542755-3204-446b-9cb3-a180657c6f22",
                "7be1ddb1-4c72-458f-8dc4-7fae49b620e3",
                "d018486e-9f70-4613-ba75-b2ea18202f0b",
                "08ad9b8c-af01-4328-b581-e02a3b5d647b",
                "3072e026-9623-4c6a-a5e9-d52fa91872b7"
              ],
              "failures": [],
              "pending": [],
              "skipped": [],
              "duration": 21254,
              "root": false,
              "rootEmpty": false,
              "_timeout": 2000
            },
            {
              "uuid": "02598dee-b56f-44dc-9400-353a014657ae",
              "title": "Product Listing",
              "fullFile": "",
              "file": "",
              "beforeHooks": [],
              "afterHooks": [],
              "tests": [
                {
                  "title": "should display product cards with name, price, and Add to Cart button",
                  "fullTitle": "Product Catalog — Browsing & Search Product Listing should display product cards with name, price, and Add to Cart button",
                  "timedOut": null,
                  "duration": 2388,
                  "state": "passed",
                  "speed": "fast",
                  "pass": true,
                  "fail": false,
                  "pending": false,
                  "context": null,
                  "code": "cy.get(SELECTORS.products.card).should('have.length.greaterThan', 0);\ncy.get(SELECTORS.products.card).first().within(() => {\n  cy.get(SELECTORS.products.name).should('be.visible');\n  cy.get(SELECTORS.products.price).should('be.visible');\n  cy.get(SELECTORS.products.addToCart).should('be.visible').and('contain', 'Add to cart');\n});\ncy.evidenceScreenshot('product-listing-cards');",
                  "err": {},
                  "uuid": "0d10c6aa-dae4-47e2-9521-3c89c3777114",
                  "parentUUID": "02598dee-b56f-44dc-9400-353a014657ae",
                  "isHook": false,
                  "skipped": false
                },
                {
                  "title": "should show product prices in EGP currency",
                  "fullTitle": "Product Catalog — Browsing & Search Product Listing should show product prices in EGP currency",
                  "timedOut": null,
                  "duration": 2211,
                  "state": "passed",
                  "speed": "fast",
                  "pass": true,
                  "fail": false,
                  "pending": false,
                  "context": null,
                  "code": "cy.get(SELECTORS.products.price).first().should('contain', 'EGP');\ncy.evidenceScreenshot('product-prices-currency');",
                  "err": {},
                  "uuid": "c16a25a8-0330-4ddf-b6a1-fa24ec91888f",
                  "parentUUID": "02598dee-b56f-44dc-9400-353a014657ae",
                  "isHook": false,
                  "skipped": false
                },
                {
                  "title": "should open product detail page when clicking on a product card",
                  "fullTitle": "Product Catalog — Browsing & Search Product Listing should open product detail page when clicking on a product card",
                  "timedOut": null,
                  "duration": 2924,
                  "state": "passed",
                  "speed": "fast",
                  "pass": true,
                  "fail": false,
                  "pending": false,
                  "context": null,
                  "code": "cy.get(SELECTORS.products.cardLink).first().click();\ncy.url().should('include', '/product-details/');\ncy.evidenceScreenshot('product-detail-page');",
                  "err": {},
                  "uuid": "73d047e9-82bd-453a-a50f-10ffad9b75c2",
                  "parentUUID": "02598dee-b56f-44dc-9400-353a014657ae",
                  "isHook": false,
                  "skipped": false
                }
              ],
              "suites": [],
              "passes": [
                "0d10c6aa-dae4-47e2-9521-3c89c3777114",
                "c16a25a8-0330-4ddf-b6a1-fa24ec91888f",
                "73d047e9-82bd-453a-a50f-10ffad9b75c2"
              ],
              "failures": [],
              "pending": [],
              "skipped": [],
              "duration": 7523,
              "root": false,
              "rootEmpty": false,
              "_timeout": 2000
            },
            {
              "uuid": "d88f8e72-dbcb-48d7-9c14-d565f956fd12",
              "title": "Product Search",
              "fullFile": "",
              "file": "",
              "beforeHooks": [],
              "afterHooks": [],
              "tests": [
                {
                  "title": "should display search results for a valid search term",
                  "fullTitle": "Product Catalog — Browsing & Search Product Search should display search results for a valid search term",
                  "timedOut": null,
                  "duration": 2847,
                  "state": "passed",
                  "speed": "fast",
                  "pass": true,
                  "fail": false,
                  "pending": false,
                  "context": null,
                  "code": "cy.fixture('products').then(products => {\n  cy.interceptAPI('GET', '**', 'searchRequest');\n  cy.get(SELECTORS.nav.searchInput).should('be.visible').clear().type(products.searchTerms.valid);\n  cy.get(SELECTORS.products.card).should('have.length.greaterThan', 0);\n  cy.evidenceScreenshot('search-results-valid');\n});",
                  "err": {},
                  "uuid": "3438f2da-07da-4b0e-bc88-53dd8c5c232e",
                  "parentUUID": "d88f8e72-dbcb-48d7-9c14-d565f956fd12",
                  "isHook": false,
                  "skipped": false
                },
                {
                  "title": "should show empty state for a search term with no results",
                  "fullTitle": "Product Catalog — Browsing & Search Product Search should show empty state for a search term with no results",
                  "timedOut": null,
                  "duration": 4609,
                  "state": "passed",
                  "speed": "fast",
                  "pass": true,
                  "fail": false,
                  "pending": false,
                  "context": null,
                  "code": "cy.fixture('products').then(products => {\n  cy.get(SELECTORS.nav.searchInput).should('be.visible').clear().type(products.searchTerms.noResults);\n  cy.get('body').should('contain.text', 'No');\n  cy.evidenceScreenshot('search-results-empty');\n});",
                  "err": {},
                  "uuid": "4bf8ae8c-43d3-4b63-b884-012de6c6c647",
                  "parentUUID": "d88f8e72-dbcb-48d7-9c14-d565f956fd12",
                  "isHook": false,
                  "skipped": false
                },
                {
                  "title": "should navigate to product page via URL for Best Sellers",
                  "fullTitle": "Product Catalog — Browsing & Search Product Search should navigate to product page via URL for Best Sellers",
                  "timedOut": null,
                  "duration": 1357,
                  "state": "passed",
                  "speed": "fast",
                  "pass": true,
                  "fail": false,
                  "pending": false,
                  "context": null,
                  "code": "cy.visit('/best-sellers');\ncy.evidenceScreenshot('best-sellers-page');",
                  "err": {},
                  "uuid": "c8ca5dc5-00c3-4ec5-89fd-c4a77c66507c",
                  "parentUUID": "d88f8e72-dbcb-48d7-9c14-d565f956fd12",
                  "isHook": false,
                  "skipped": false
                }
              ],
              "suites": [],
              "passes": [
                "3438f2da-07da-4b0e-bc88-53dd8c5c232e",
                "4bf8ae8c-43d3-4b63-b884-012de6c6c647",
                "c8ca5dc5-00c3-4ec5-89fd-c4a77c66507c"
              ],
              "failures": [],
              "pending": [],
              "skipped": [],
              "duration": 8813,
              "root": false,
              "rootEmpty": false,
              "_timeout": 2000
            }
          ],
          "passes": [],
          "failures": [],
          "pending": [],
          "skipped": [],
          "duration": 0,
          "root": false,
          "rootEmpty": false,
          "_timeout": 2000
        }
      ],
      "passes": [],
      "failures": [],
      "pending": [],
      "skipped": [],
      "duration": 0,
      "root": true,
      "rootEmpty": true,
      "_timeout": 2000
    }
  ],
  "meta": {
    "mocha": {
      "version": "7.2.0"
    },
    "mochawesome": {
      "options": {
        "quiet": false,
        "reportFilename": "mochawesome",
        "saveHtml": true,
        "saveJson": true,
        "consoleReporter": "spec",
        "useInlineDiffs": false,
        "code": true
      },
      "version": "7.1.4"
    },
    "marge": {
      "options": {
        "reportDir": "reports",
        "overwrite": false,
        "html": true,
        "json": true,
        "charts": true
      },
      "version": "6.3.2"
    }
  }
}