{
  "stats": {
    "suites": 3,
    "tests": 8,
    "passes": 8,
    "pending": 0,
    "failures": 0,
    "start": "2026-03-06T21:40:04.017Z",
    "end": "2026-03-06T21:40:30.633Z",
    "duration": 26616,
    "testsRegistered": 8,
    "passPercent": 100,
    "pendingPercent": 0,
    "other": 0,
    "hasOther": false,
    "skipped": 0,
    "hasSkipped": false
  },
  "results": [
    {
      "uuid": "ca32581d-3e0d-42fd-9832-ca83617d2009",
      "title": "",
      "fullFile": "cypress/e2e/auth/registration-login.cy.js",
      "file": "cypress/e2e/auth/registration-login.cy.js",
      "beforeHooks": [],
      "afterHooks": [],
      "tests": [],
      "suites": [
        {
          "uuid": "2e6d776f-ea8c-47a2-880a-2b00e8b55cf2",
          "title": "Authentication — Registration & Login",
          "fullFile": "",
          "file": "",
          "beforeHooks": [],
          "afterHooks": [],
          "tests": [],
          "suites": [
            {
              "uuid": "bd69bbf9-19cc-44d7-bd21-53dc1277c70d",
              "title": "User Registration Modal",
              "fullFile": "",
              "file": "",
              "beforeHooks": [],
              "afterHooks": [],
              "tests": [
                {
                  "title": "should open the Sign Up modal when clicking Sign Up in nav",
                  "fullTitle": "Authentication — Registration & Login User Registration Modal should open the Sign Up modal when clicking Sign Up in nav",
                  "timedOut": null,
                  "duration": 3395,
                  "state": "passed",
                  "speed": "fast",
                  "pass": true,
                  "fail": false,
                  "pending": false,
                  "context": null,
                  "code": "cy.get(SELECTORS.nav.signupBtn).should('be.visible').click();\ncy.get(SELECTORS.auth.modal).should('be.visible');\ncy.get(SELECTORS.auth.fullNameInput).should('be.visible');\ncy.get(SELECTORS.auth.regEmailInput).should('be.visible');\ncy.get(SELECTORS.auth.phoneInput).should('be.visible');\ncy.evidenceScreenshot('registration-modal-open');",
                  "err": {},
                  "uuid": "8bffe18e-91a7-4e17-9700-c059bad638f4",
                  "parentUUID": "bd69bbf9-19cc-44d7-bd21-53dc1277c70d",
                  "isHook": false,
                  "skipped": false
                },
                {
                  "title": "should show validation errors when submitting empty registration form",
                  "fullTitle": "Authentication — Registration & Login User Registration Modal should show validation errors when submitting empty registration form",
                  "timedOut": null,
                  "duration": 1611,
                  "state": "passed",
                  "speed": "fast",
                  "pass": true,
                  "fail": false,
                  "pending": false,
                  "context": null,
                  "code": "cy.get(SELECTORS.nav.signupBtn).click();\ncy.get(SELECTORS.auth.modal).should('be.visible');\ncy.get(SELECTORS.auth.registerSubmit).click();\n// Modal should stay open if validation fails\ncy.get(SELECTORS.auth.modal).should('be.visible');\ncy.evidenceScreenshot('registration-empty-form-validation');",
                  "err": {},
                  "uuid": "1e0e7429-906e-4186-8898-e58c139bcf7b",
                  "parentUUID": "bd69bbf9-19cc-44d7-bd21-53dc1277c70d",
                  "isHook": false,
                  "skipped": false
                },
                {
                  "title": "should close the Sign Up modal when clicking the close button",
                  "fullTitle": "Authentication — Registration & Login User Registration Modal should close the Sign Up modal when clicking the close button",
                  "timedOut": null,
                  "duration": 2803,
                  "state": "passed",
                  "speed": "fast",
                  "pass": true,
                  "fail": false,
                  "pending": false,
                  "context": null,
                  "code": "cy.get(SELECTORS.nav.signupBtn).click();\ncy.get(SELECTORS.auth.modal).should('be.visible');\ncy.get(SELECTORS.auth.modalClose).click();\n// Element Plus uses v-show (display:none), not v-if — check visibility not existence\ncy.get(SELECTORS.auth.modal).should('not.be.visible');\ncy.evidenceScreenshot('registration-modal-closed');",
                  "err": {},
                  "uuid": "503d8466-6dab-4078-a19f-4d65274e6df1",
                  "parentUUID": "bd69bbf9-19cc-44d7-bd21-53dc1277c70d",
                  "isHook": false,
                  "skipped": false
                },
                {
                  "title": "should allow submitting the Sign Up form with valid user details",
                  "fullTitle": "Authentication — Registration & Login User Registration Modal should allow submitting the Sign Up form with valid user details",
                  "timedOut": null,
                  "duration": 10558,
                  "state": "passed",
                  "speed": "slow",
                  "pass": true,
                  "fail": false,
                  "pending": false,
                  "context": null,
                  "code": "cy.fixture('users').then(users => {\n  cy.interceptAPI('POST', '**', 'signupRequest');\n  cy.get(SELECTORS.nav.signupBtn).click();\n  cy.get(SELECTORS.auth.modal).should('be.visible');\n  cy.get(SELECTORS.auth.fullNameInput).type(users.newUser.name);\n  cy.get(SELECTORS.auth.companyInput).type(users.newUser.company);\n  cy.get(SELECTORS.auth.regEmailInput).type(users.newUser.email);\n  cy.get(SELECTORS.auth.phoneInput).type('01098765432');\n  cy.get(SELECTORS.auth.registerSubmit).click();\n  cy.evidenceScreenshot('registration-submitted');\n});",
                  "err": {},
                  "uuid": "68f8bf0f-4ecb-4697-8fb9-ef5214c98aba",
                  "parentUUID": "bd69bbf9-19cc-44d7-bd21-53dc1277c70d",
                  "isHook": false,
                  "skipped": false
                }
              ],
              "suites": [],
              "passes": [
                "8bffe18e-91a7-4e17-9700-c059bad638f4",
                "1e0e7429-906e-4186-8898-e58c139bcf7b",
                "503d8466-6dab-4078-a19f-4d65274e6df1",
                "68f8bf0f-4ecb-4697-8fb9-ef5214c98aba"
              ],
              "failures": [],
              "pending": [],
              "skipped": [],
              "duration": 18367,
              "root": false,
              "rootEmpty": false,
              "_timeout": 2000
            },
            {
              "uuid": "7f3b3a23-8d46-4804-8487-fae98a209d2d",
              "title": "User Login",
              "fullFile": "",
              "file": "",
              "beforeHooks": [],
              "afterHooks": [],
              "tests": [
                {
                  "title": "should display the sign-in form with all required fields",
                  "fullTitle": "Authentication — Registration & Login User Login should display the sign-in form with all required fields",
                  "timedOut": null,
                  "duration": 1500,
                  "state": "passed",
                  "speed": "fast",
                  "pass": true,
                  "fail": false,
                  "pending": false,
                  "context": null,
                  "code": "cy.visit('/sign-in');\ncy.get(SELECTORS.auth.emailInput).should('be.visible');\ncy.get(SELECTORS.auth.passwordInput).should('be.visible');\ncy.get(SELECTORS.auth.loginBtn).should('be.visible').and('contain', 'Log in');\ncy.get(SELECTORS.auth.continueAsGuest).should('be.visible');\ncy.evidenceScreenshot('login-form-loaded');",
                  "err": {},
                  "uuid": "59f59788-19a2-490c-bb73-17252a089f1d",
                  "parentUUID": "7f3b3a23-8d46-4804-8487-fae98a209d2d",
                  "isHook": false,
                  "skipped": false
                },
                {
                  "title": "should show error for invalid credentials",
                  "fullTitle": "Authentication — Registration & Login User Login should show error for invalid credentials",
                  "timedOut": null,
                  "duration": 2313,
                  "state": "passed",
                  "speed": "fast",
                  "pass": true,
                  "fail": false,
                  "pending": false,
                  "context": null,
                  "code": "cy.fixture('users').then(users => {\n  cy.interceptAPI('POST', '**/login', 'loginRequest');\n  cy.visit('/sign-in');\n  cy.get(SELECTORS.auth.emailInput).type(users.invalidUser.email);\n  cy.get(SELECTORS.auth.passwordInput).type(users.invalidUser.password);\n  cy.get(SELECTORS.auth.loginBtn).click();\n  cy.url().should('include', '/sign-in');\n  cy.evidenceScreenshot('login-invalid-credentials');\n});",
                  "err": {},
                  "uuid": "dfd176b0-20b6-469d-8fdc-fc2c6eee06d0",
                  "parentUUID": "7f3b3a23-8d46-4804-8487-fae98a209d2d",
                  "isHook": false,
                  "skipped": false
                },
                {
                  "title": "should navigate to sign-in page from the Log In nav link",
                  "fullTitle": "Authentication — Registration & Login User Login should navigate to sign-in page from the Log In nav link",
                  "timedOut": null,
                  "duration": 1816,
                  "state": "passed",
                  "speed": "fast",
                  "pass": true,
                  "fail": false,
                  "pending": false,
                  "context": null,
                  "code": "cy.get(SELECTORS.nav.loginLink).should('be.visible').click();\ncy.url().should('include', '/sign-in');\ncy.evidenceScreenshot('login-nav-link');",
                  "err": {},
                  "uuid": "03739af6-84e7-443a-959e-603afebfadac",
                  "parentUUID": "7f3b3a23-8d46-4804-8487-fae98a209d2d",
                  "isHook": false,
                  "skipped": false
                },
                {
                  "title": "should allow guest browsing via Continue as Guest link",
                  "fullTitle": "Authentication — Registration & Login User Login should allow guest browsing via Continue as Guest link",
                  "timedOut": null,
                  "duration": 2513,
                  "state": "passed",
                  "speed": "fast",
                  "pass": true,
                  "fail": false,
                  "pending": false,
                  "context": null,
                  "code": "cy.visit('/sign-in');\ncy.get(SELECTORS.auth.continueAsGuest).should('be.visible').click();\ncy.url().should('include', '/home');\ncy.evidenceScreenshot('continue-as-guest');",
                  "err": {},
                  "uuid": "e80b13c3-36ec-49c7-ace2-159df0b77941",
                  "parentUUID": "7f3b3a23-8d46-4804-8487-fae98a209d2d",
                  "isHook": false,
                  "skipped": false
                }
              ],
              "suites": [],
              "passes": [
                "59f59788-19a2-490c-bb73-17252a089f1d",
                "dfd176b0-20b6-469d-8fdc-fc2c6eee06d0",
                "03739af6-84e7-443a-959e-603afebfadac",
                "e80b13c3-36ec-49c7-ace2-159df0b77941"
              ],
              "failures": [],
              "pending": [],
              "skipped": [],
              "duration": 8142,
              "root": false,
              "rootEmpty": false,
              "_timeout": 2000
            }
          ],
          "passes": [],
          "failures": [],
          "pending": [],
          "skipped": [],
          "duration": 0,
          "root": false,
          "rootEmpty": false,
          "_timeout": 2000
        }
      ],
      "passes": [],
      "failures": [],
      "pending": [],
      "skipped": [],
      "duration": 0,
      "root": true,
      "rootEmpty": true,
      "_timeout": 2000
    }
  ],
  "meta": {
    "mocha": {
      "version": "7.2.0"
    },
    "mochawesome": {
      "options": {
        "quiet": false,
        "reportFilename": "mochawesome",
        "saveHtml": true,
        "saveJson": true,
        "consoleReporter": "spec",
        "useInlineDiffs": false,
        "code": true
      },
      "version": "7.1.4"
    },
    "marge": {
      "options": {
        "reportDir": "reports",
        "overwrite": false,
        "html": true,
        "json": true,
        "charts": true
      },
      "version": "6.3.2"
    }
  }
}