{
  "stats": {
    "suites": 4,
    "tests": 9,
    "passes": 8,
    "pending": 0,
    "failures": 1,
    "start": "2026-03-06T21:50:34.676Z",
    "end": "2026-03-06T21:50:55.540Z",
    "duration": 20864,
    "testsRegistered": 9,
    "passPercent": 88.88888888888889,
    "pendingPercent": 0,
    "other": 0,
    "hasOther": false,
    "skipped": 0,
    "hasSkipped": false
  },
  "results": [
    {
      "uuid": "e993bc40-f8f6-41db-931b-5dbd74ae3f2d",
      "title": "",
      "fullFile": "cypress/e2e/cart/cart-management.cy.js",
      "file": "cypress/e2e/cart/cart-management.cy.js",
      "beforeHooks": [],
      "afterHooks": [],
      "tests": [],
      "suites": [
        {
          "uuid": "9a99c6f5-083d-486b-9aba-eedf3250bca3",
          "title": "Cart Management",
          "fullFile": "",
          "file": "",
          "beforeHooks": [],
          "afterHooks": [],
          "tests": [],
          "suites": [
            {
              "uuid": "6dadc430-332e-4a8c-8706-ca2801c86c58",
              "title": "Empty Cart State",
              "fullFile": "",
              "file": "",
              "beforeHooks": [],
              "afterHooks": [],
              "tests": [
                {
                  "title": "should display empty cart message when no items added",
                  "fullTitle": "Cart Management Empty Cart State should display empty cart message when no items added",
                  "timedOut": null,
                  "duration": 2541,
                  "state": "passed",
                  "speed": "fast",
                  "pass": true,
                  "fail": false,
                  "pending": false,
                  "context": null,
                  "code": "cy.visit('/cart');\ncy.get('body').should('contain.text', 'Your cart is empty');\ncy.evidenceScreenshot('empty-cart-message');",
                  "err": {},
                  "uuid": "d448a051-64b1-4fbd-be6f-9eb4ca92ac1c",
                  "parentUUID": "6dadc430-332e-4a8c-8706-ca2801c86c58",
                  "isHook": false,
                  "skipped": false
                },
                {
                  "title": "should display a Go Shopping button in the empty cart",
                  "fullTitle": "Cart Management Empty Cart State should display a Go Shopping button in the empty cart",
                  "timedOut": null,
                  "duration": 859,
                  "state": "passed",
                  "speed": "fast",
                  "pass": true,
                  "fail": false,
                  "pending": false,
                  "context": null,
                  "code": "cy.visit('/cart');\ncy.contains('Go Shopping').should('be.visible');\ncy.evidenceScreenshot('empty-cart-go-shopping');",
                  "err": {},
                  "uuid": "b322f8e7-dba2-47f2-a97c-ecff844ec126",
                  "parentUUID": "6dadc430-332e-4a8c-8706-ca2801c86c58",
                  "isHook": false,
                  "skipped": false
                },
                {
                  "title": "should navigate to products when clicking Go Shopping from empty cart",
                  "fullTitle": "Cart Management Empty Cart State should navigate to products when clicking Go Shopping from empty cart",
                  "timedOut": null,
                  "duration": 50,
                  "state": "failed",
                  "speed": null,
                  "pass": false,
                  "fail": true,
                  "pending": false,
                  "context": null,
                  "code": "cy.visit('/cart');\ncy.contains('Go Shopping').click();\ncy.url().should('include', '/products').or('include', '/home');\ncy.evidenceScreenshot('go-shopping-navigation');",
                  "err": {
                    "message": "TypeError: cy.url(...).should(...).or is not a function",
                    "estack": "TypeError: cy.url(...).should(...).or is not a function\n    at Context.eval (webpack://octane-qa-task/./cypress/e2e/cart/cart-management.cy.js:23:46)\n    at runnable.fn (https://uat-ostore.vercel.app/__cypress/runner/cypress_runner.js:146599:19)\n    at callFn (https://uat-ostore.vercel.app/__cypress/runner/cypress_runner.js:165733:21)\n    at Runnable.run (https://uat-ostore.vercel.app/__cypress/runner/cypress_runner.js:165720:7)\n    at <unknown> (https://uat-ostore.vercel.app/__cypress/runner/cypress_runner.js:171818:30)\n    at PassThroughHandlerContext.finallyHandler (https://uat-ostore.vercel.app/__cypress/runner/cypress_runner.js:4042:23)\n    at PassThroughHandlerContext.tryCatcher (https://uat-ostore.vercel.app/__cypress/runner/cypress_runner.js:1777:23)\n    at Promise._settlePromiseFromHandler (https://uat-ostore.vercel.app/__cypress/runner/cypress_runner.js:1489:31)\n    at Promise._settlePromise (https://uat-ostore.vercel.app/__cypress/runner/cypress_runner.js:1546:18)",
                    "diff": null
                  },
                  "uuid": "1c3e21f2-7047-4fd4-9ae6-c39352639c17",
                  "parentUUID": "6dadc430-332e-4a8c-8706-ca2801c86c58",
                  "isHook": false,
                  "skipped": false
                }
              ],
              "suites": [],
              "passes": [
                "d448a051-64b1-4fbd-be6f-9eb4ca92ac1c",
                "b322f8e7-dba2-47f2-a97c-ecff844ec126"
              ],
              "failures": [
                "1c3e21f2-7047-4fd4-9ae6-c39352639c17"
              ],
              "pending": [],
              "skipped": [],
              "duration": 3450,
              "root": false,
              "rootEmpty": false,
              "_timeout": 2000
            },
            {
              "uuid": "e607c9e3-19ed-4a44-8c2d-0a3291d59bb2",
              "title": "Adding Items to Cart",
              "fullFile": "",
              "file": "",
              "beforeHooks": [],
              "afterHooks": [],
              "tests": [
                {
                  "title": "should add a product to cart using the Add to Cart button on product card",
                  "fullTitle": "Cart Management Adding Items to Cart should add a product to cart using the Add to Cart button on product card",
                  "timedOut": null,
                  "duration": 5537,
                  "state": "passed",
                  "speed": "medium",
                  "pass": true,
                  "fail": false,
                  "pending": false,
                  "context": null,
                  "code": "cy.interceptAPI('POST', '**', 'addToCartRequest');\ncy.get(SELECTORS.products.addToCart).first().click({\n  force: true\n});\ncy.wait(1000);\ncy.evidenceScreenshot('add-product-to-cart');",
                  "err": {},
                  "uuid": "43034446-1e02-426f-ba46-61f6fbc14961",
                  "parentUUID": "e607c9e3-19ed-4a44-8c2d-0a3291d59bb2",
                  "isHook": false,
                  "skipped": false
                },
                {
                  "title": "should reflect added item in cart when navigating to cart page",
                  "fullTitle": "Cart Management Adding Items to Cart should reflect added item in cart when navigating to cart page",
                  "timedOut": null,
                  "duration": 3220,
                  "state": "passed",
                  "speed": "fast",
                  "pass": true,
                  "fail": false,
                  "pending": false,
                  "context": null,
                  "code": "cy.get(SELECTORS.products.addToCart).first().click({\n  force: true\n});\ncy.wait(1500);\ncy.visit('/cart');\n// Either shows items or redirects to sign-in (if auth required)\ncy.url().then(url => {\n  if (url.includes('/cart')) {\n    cy.get('body').then($body => {\n      if ($body.text().includes('Your cart is empty')) {\n        cy.log('ISSUE: Item not persisted in cart — possible auth requirement');\n      } else {\n        cy.get('body').should('not.contain', 'Your cart is empty');\n      }\n    });\n  }\n});\ncy.evidenceScreenshot('cart-after-add');",
                  "err": {},
                  "uuid": "db3f0d50-dd1e-44b4-877a-07e39f682939",
                  "parentUUID": "e607c9e3-19ed-4a44-8c2d-0a3291d59bb2",
                  "isHook": false,
                  "skipped": false
                },
                {
                  "title": "should navigate to product details when clicking on a product card",
                  "fullTitle": "Cart Management Adding Items to Cart should navigate to product details when clicking on a product card",
                  "timedOut": null,
                  "duration": 3411,
                  "state": "passed",
                  "speed": "fast",
                  "pass": true,
                  "fail": false,
                  "pending": false,
                  "context": null,
                  "code": "cy.get(SELECTORS.products.cardLink).first().click();\ncy.url().should('include', '/product-details/');\ncy.get(SELECTORS.products.addToCartDetail).should('be.visible');\ncy.evidenceScreenshot('product-detail-add-to-cart');",
                  "err": {},
                  "uuid": "f5685e97-5899-4dd1-a3fe-9628e38ce8ec",
                  "parentUUID": "e607c9e3-19ed-4a44-8c2d-0a3291d59bb2",
                  "isHook": false,
                  "skipped": false
                },
                {
                  "title": "should show Add to Cart button on product detail page",
                  "fullTitle": "Cart Management Adding Items to Cart should show Add to Cart button on product detail page",
                  "timedOut": null,
                  "duration": 2083,
                  "state": "passed",
                  "speed": "fast",
                  "pass": true,
                  "fail": false,
                  "pending": false,
                  "context": null,
                  "code": "cy.visit('/product-details/21');\ncy.get(SELECTORS.products.addToCartDetail).should('be.visible').and('contain', 'Add to cart');\ncy.evidenceScreenshot('product-detail-add-btn');",
                  "err": {},
                  "uuid": "cd4533e6-d46e-4234-9a4c-8368622c7d7d",
                  "parentUUID": "e607c9e3-19ed-4a44-8c2d-0a3291d59bb2",
                  "isHook": false,
                  "skipped": false
                }
              ],
              "suites": [],
              "passes": [
                "43034446-1e02-426f-ba46-61f6fbc14961",
                "db3f0d50-dd1e-44b4-877a-07e39f682939",
                "f5685e97-5899-4dd1-a3fe-9628e38ce8ec",
                "cd4533e6-d46e-4234-9a4c-8368622c7d7d"
              ],
              "failures": [],
              "pending": [],
              "skipped": [],
              "duration": 14251,
              "root": false,
              "rootEmpty": false,
              "_timeout": 2000
            },
            {
              "uuid": "40a76331-75bf-4703-b4dc-d0d0e3e2caf6",
              "title": "Cart Navigation",
              "fullFile": "",
              "file": "",
              "beforeHooks": [],
              "afterHooks": [],
              "tests": [
                {
                  "title": "should navigate to cart page when clicking cart icon",
                  "fullTitle": "Cart Management Cart Navigation should navigate to cart page when clicking cart icon",
                  "timedOut": null,
                  "duration": 1555,
                  "state": "passed",
                  "speed": "fast",
                  "pass": true,
                  "fail": false,
                  "pending": false,
                  "context": null,
                  "code": "cy.visit('/home');\ncy.get(SELECTORS.nav.cart).click();\ncy.url().should('include', '/cart');\ncy.evidenceScreenshot('cart-icon-navigation');",
                  "err": {},
                  "uuid": "2624920f-b3e9-4515-bbba-3a435ba8633f",
                  "parentUUID": "40a76331-75bf-4703-b4dc-d0d0e3e2caf6",
                  "isHook": false,
                  "skipped": false
                },
                {
                  "title": "should show cart item count badge in navigation",
                  "fullTitle": "Cart Management Cart Navigation should show cart item count badge in navigation",
                  "timedOut": null,
                  "duration": 1393,
                  "state": "passed",
                  "speed": "fast",
                  "pass": true,
                  "fail": false,
                  "pending": false,
                  "context": null,
                  "code": "cy.visit('/home');\ncy.get(SELECTORS.nav.cart).should('be.visible').and('contain', '0');\ncy.evidenceScreenshot('cart-badge-count');",
                  "err": {},
                  "uuid": "ab1fb3ae-977c-43ed-a22e-ca00595029b4",
                  "parentUUID": "40a76331-75bf-4703-b4dc-d0d0e3e2caf6",
                  "isHook": false,
                  "skipped": false
                }
              ],
              "suites": [],
              "passes": [
                "2624920f-b3e9-4515-bbba-3a435ba8633f",
                "ab1fb3ae-977c-43ed-a22e-ca00595029b4"
              ],
              "failures": [],
              "pending": [],
              "skipped": [],
              "duration": 2948,
              "root": false,
              "rootEmpty": false,
              "_timeout": 2000
            }
          ],
          "passes": [],
          "failures": [],
          "pending": [],
          "skipped": [],
          "duration": 0,
          "root": false,
          "rootEmpty": false,
          "_timeout": 2000
        }
      ],
      "passes": [],
      "failures": [],
      "pending": [],
      "skipped": [],
      "duration": 0,
      "root": true,
      "rootEmpty": true,
      "_timeout": 2000
    }
  ],
  "meta": {
    "mocha": {
      "version": "7.2.0"
    },
    "mochawesome": {
      "options": {
        "quiet": false,
        "reportFilename": "mochawesome",
        "saveHtml": true,
        "saveJson": true,
        "consoleReporter": "spec",
        "useInlineDiffs": false,
        "code": true
      },
      "version": "7.1.4"
    },
    "marge": {
      "options": {
        "reportDir": "reports",
        "overwrite": false,
        "html": true,
        "json": true,
        "charts": true
      },
      "version": "6.3.2"
    }
  }
}