{
  "stats": {
    "suites": 6,
    "tests": 12,
    "passes": 12,
    "pending": 0,
    "failures": 0,
    "start": "2026-03-06T22:58:04.434Z",
    "end": "2026-03-06T22:58:46.142Z",
    "duration": 41708,
    "testsRegistered": 12,
    "passPercent": 100,
    "pendingPercent": 0,
    "other": 0,
    "hasOther": false,
    "skipped": 0,
    "hasSkipped": false
  },
  "results": [
    {
      "uuid": "3f581736-c3e8-4c8d-9b19-cd786b527d96",
      "title": "",
      "fullFile": "cypress/e2e/responsive/mobile-responsiveness.cy.js",
      "file": "cypress/e2e/responsive/mobile-responsiveness.cy.js",
      "beforeHooks": [],
      "afterHooks": [],
      "tests": [],
      "suites": [
        {
          "uuid": "6e86aa9a-769b-41ef-a8fc-434d1e7fba79",
          "title": "Mobile Responsiveness",
          "fullFile": "",
          "file": "",
          "beforeHooks": [],
          "afterHooks": [],
          "tests": [],
          "suites": [
            {
              "uuid": "3afa5d83-ddfb-49ff-b37b-cae43c034c5d",
              "title": "Homepage on Mobile",
              "fullFile": "",
              "file": "",
              "beforeHooks": [],
              "afterHooks": [],
              "tests": [
                {
                  "title": "should render the homepage without horizontal overflow on mobile",
                  "fullTitle": "Mobile Responsiveness Homepage on Mobile should render the homepage without horizontal overflow on mobile",
                  "timedOut": null,
                  "duration": 1357,
                  "state": "passed",
                  "speed": "fast",
                  "pass": true,
                  "fail": false,
                  "pending": false,
                  "context": null,
                  "code": "cy.visit('/home');\ncy.get('body').invoke('prop', 'scrollWidth').then(scrollWidth => {\n  cy.window().its('innerWidth').then(innerWidth => {\n    if (scrollWidth > innerWidth) {\n      cy.log(`ISSUE: Horizontal overflow detected — scrollWidth (${scrollWidth}) > viewportWidth (${innerWidth})`);\n    }\n    expect(scrollWidth).to.be.lte(innerWidth + 5); // 5px tolerance\n  });\n});\ncy.evidenceScreenshot('mobile-homepage-no-overflow');",
                  "err": {},
                  "uuid": "e306133e-d151-47e8-bd23-d4b79a029ace",
                  "parentUUID": "3afa5d83-ddfb-49ff-b37b-cae43c034c5d",
                  "isHook": false,
                  "skipped": false
                },
                {
                  "title": "should display the navigation bar on mobile",
                  "fullTitle": "Mobile Responsiveness Homepage on Mobile should display the navigation bar on mobile",
                  "timedOut": null,
                  "duration": 1567,
                  "state": "passed",
                  "speed": "fast",
                  "pass": true,
                  "fail": false,
                  "pending": false,
                  "context": null,
                  "code": "cy.visit('/home');\ncy.get('.navigation-Bar').should('be.visible');\ncy.evidenceScreenshot('mobile-nav-visible');",
                  "err": {},
                  "uuid": "64bb2c34-d222-4c58-86f7-ddd7ac643e83",
                  "parentUUID": "3afa5d83-ddfb-49ff-b37b-cae43c034c5d",
                  "isHook": false,
                  "skipped": false
                },
                {
                  "title": "should display the Log In and Sign Up buttons on mobile",
                  "fullTitle": "Mobile Responsiveness Homepage on Mobile should display the Log In and Sign Up buttons on mobile",
                  "timedOut": null,
                  "duration": 1641,
                  "state": "passed",
                  "speed": "fast",
                  "pass": true,
                  "fail": false,
                  "pending": false,
                  "context": null,
                  "code": "cy.visit('/home');\ncy.get(SELECTORS.nav.loginLink).should('be.visible');\ncy.get(SELECTORS.nav.signupBtn).should('be.visible');\ncy.evidenceScreenshot('mobile-auth-buttons');",
                  "err": {},
                  "uuid": "aad367a2-fb14-4533-92ce-7eab629a7e1c",
                  "parentUUID": "3afa5d83-ddfb-49ff-b37b-cae43c034c5d",
                  "isHook": false,
                  "skipped": false
                },
                {
                  "title": "should display product cards stacked vertically on mobile",
                  "fullTitle": "Mobile Responsiveness Homepage on Mobile should display product cards stacked vertically on mobile",
                  "timedOut": null,
                  "duration": 8054,
                  "state": "passed",
                  "speed": "medium",
                  "pass": true,
                  "fail": false,
                  "pending": false,
                  "context": null,
                  "code": "cy.visit('/products');\ncy.wait(2000);\ncy.get(SELECTORS.products.card).should('have.length.greaterThan', 0);\ncy.evidenceScreenshot('mobile-product-cards');",
                  "err": {},
                  "uuid": "f934ffc6-12ce-430e-9157-981a22bfd37e",
                  "parentUUID": "3afa5d83-ddfb-49ff-b37b-cae43c034c5d",
                  "isHook": false,
                  "skipped": false
                },
                {
                  "title": "should display the search bar on mobile",
                  "fullTitle": "Mobile Responsiveness Homepage on Mobile should display the search bar on mobile",
                  "timedOut": null,
                  "duration": 2808,
                  "state": "passed",
                  "speed": "fast",
                  "pass": true,
                  "fail": false,
                  "pending": false,
                  "context": null,
                  "code": "cy.visit('/home');\ncy.get(SELECTORS.nav.searchInput).should('exist');\ncy.evidenceScreenshot('mobile-search-bar');",
                  "err": {},
                  "uuid": "3a7c9010-b3a4-49ab-bdf1-4a5a195da976",
                  "parentUUID": "3afa5d83-ddfb-49ff-b37b-cae43c034c5d",
                  "isHook": false,
                  "skipped": false
                }
              ],
              "suites": [],
              "passes": [
                "e306133e-d151-47e8-bd23-d4b79a029ace",
                "64bb2c34-d222-4c58-86f7-ddd7ac643e83",
                "aad367a2-fb14-4533-92ce-7eab629a7e1c",
                "f934ffc6-12ce-430e-9157-981a22bfd37e",
                "3a7c9010-b3a4-49ab-bdf1-4a5a195da976"
              ],
              "failures": [],
              "pending": [],
              "skipped": [],
              "duration": 15427,
              "root": false,
              "rootEmpty": false,
              "_timeout": 2000
            },
            {
              "uuid": "9fd88b75-e52b-487c-a887-3af92a1ec6c3",
              "title": "Category Navigation on Mobile",
              "fullFile": "",
              "file": "",
              "beforeHooks": [],
              "afterHooks": [],
              "tests": [
                {
                  "title": "should display category links on mobile viewport",
                  "fullTitle": "Mobile Responsiveness Category Navigation on Mobile should display category links on mobile viewport",
                  "timedOut": null,
                  "duration": 1546,
                  "state": "passed",
                  "speed": "fast",
                  "pass": true,
                  "fail": false,
                  "pending": false,
                  "context": null,
                  "code": "cy.visit('/home');\ncy.get(SELECTORS.nav.categoryLinks).should('have.length.greaterThan', 0);\ncy.evidenceScreenshot('mobile-category-links');",
                  "err": {},
                  "uuid": "826dcabf-480d-4205-9f8f-eef1b140447e",
                  "parentUUID": "9fd88b75-e52b-487c-a887-3af92a1ec6c3",
                  "isHook": false,
                  "skipped": false
                },
                {
                  "title": "should navigate to product category on mobile tap",
                  "fullTitle": "Mobile Responsiveness Category Navigation on Mobile should navigate to product category on mobile tap",
                  "timedOut": null,
                  "duration": 1927,
                  "state": "passed",
                  "speed": "fast",
                  "pass": true,
                  "fail": false,
                  "pending": false,
                  "context": null,
                  "code": "cy.visit('/home');\ncy.get(SELECTORS.nav.categoryLinks).contains('Tires').click({\n  force: true\n});\ncy.url().should('include', '/category/Tires');\ncy.evidenceScreenshot('mobile-category-navigation');",
                  "err": {},
                  "uuid": "f4d45067-3194-499f-bdfa-87a26318abd7",
                  "parentUUID": "9fd88b75-e52b-487c-a887-3af92a1ec6c3",
                  "isHook": false,
                  "skipped": false
                }
              ],
              "suites": [],
              "passes": [
                "826dcabf-480d-4205-9f8f-eef1b140447e",
                "f4d45067-3194-499f-bdfa-87a26318abd7"
              ],
              "failures": [],
              "pending": [],
              "skipped": [],
              "duration": 3473,
              "root": false,
              "rootEmpty": false,
              "_timeout": 2000
            },
            {
              "uuid": "06caad51-8dda-427d-a745-42e7eb5d9cb7",
              "title": "Product Interaction on Mobile",
              "fullFile": "",
              "file": "",
              "beforeHooks": [],
              "afterHooks": [],
              "tests": [
                {
                  "title": "should show Add to Cart buttons on mobile product cards",
                  "fullTitle": "Mobile Responsiveness Product Interaction on Mobile should show Add to Cart buttons on mobile product cards",
                  "timedOut": null,
                  "duration": 8187,
                  "state": "passed",
                  "speed": "medium",
                  "pass": true,
                  "fail": false,
                  "pending": false,
                  "context": null,
                  "code": "cy.visit('/products');\ncy.wait(2000);\ncy.get(SELECTORS.products.addToCart).first().should('be.visible');\ncy.evidenceScreenshot('mobile-add-to-cart-btn');",
                  "err": {},
                  "uuid": "082ac34a-229a-43f8-b2b8-e375818c6f34",
                  "parentUUID": "06caad51-8dda-427d-a745-42e7eb5d9cb7",
                  "isHook": false,
                  "skipped": false
                },
                {
                  "title": "should allow tapping Add to Cart on mobile",
                  "fullTitle": "Mobile Responsiveness Product Interaction on Mobile should allow tapping Add to Cart on mobile",
                  "timedOut": null,
                  "duration": 9113,
                  "state": "passed",
                  "speed": "medium",
                  "pass": true,
                  "fail": false,
                  "pending": false,
                  "context": null,
                  "code": "cy.visit('/products');\ncy.wait(2000);\ncy.get(SELECTORS.products.addToCart).first().click({\n  force: true\n});\ncy.wait(1000);\ncy.evidenceScreenshot('mobile-tap-add-to-cart');",
                  "err": {},
                  "uuid": "0bf876d5-fbe9-490d-a3bb-9d19ec683483",
                  "parentUUID": "06caad51-8dda-427d-a745-42e7eb5d9cb7",
                  "isHook": false,
                  "skipped": false
                },
                {
                  "title": "should open product detail page on mobile",
                  "fullTitle": "Mobile Responsiveness Product Interaction on Mobile should open product detail page on mobile",
                  "timedOut": null,
                  "duration": 3375,
                  "state": "passed",
                  "speed": "fast",
                  "pass": true,
                  "fail": false,
                  "pending": false,
                  "context": null,
                  "code": "cy.visit('/products');\ncy.wait(2000);\ncy.get(SELECTORS.products.cardLink).first().click({\n  force: true\n});\ncy.url().should('include', '/product-details/');\ncy.evidenceScreenshot('mobile-product-detail');",
                  "err": {},
                  "uuid": "b83c097f-7212-429a-b9c7-285f5b36e1ab",
                  "parentUUID": "06caad51-8dda-427d-a745-42e7eb5d9cb7",
                  "isHook": false,
                  "skipped": false
                }
              ],
              "suites": [],
              "passes": [
                "082ac34a-229a-43f8-b2b8-e375818c6f34",
                "0bf876d5-fbe9-490d-a3bb-9d19ec683483",
                "b83c097f-7212-429a-b9c7-285f5b36e1ab"
              ],
              "failures": [],
              "pending": [],
              "skipped": [],
              "duration": 20675,
              "root": false,
              "rootEmpty": false,
              "_timeout": 2000
            },
            {
              "uuid": "3cc557bb-1727-4f64-8fc6-e3e8837336b4",
              "title": "Cart Page on Mobile",
              "fullFile": "",
              "file": "",
              "beforeHooks": [],
              "afterHooks": [],
              "tests": [
                {
                  "title": "should render cart page correctly on mobile",
                  "fullTitle": "Mobile Responsiveness Cart Page on Mobile should render cart page correctly on mobile",
                  "timedOut": null,
                  "duration": 1170,
                  "state": "passed",
                  "speed": "fast",
                  "pass": true,
                  "fail": false,
                  "pending": false,
                  "context": null,
                  "code": "cy.visit('/cart');\ncy.get('.navigation-Bar').should('be.visible');\ncy.get('body').should('contain.text', 'cart');\ncy.evidenceScreenshot('mobile-cart-page');",
                  "err": {},
                  "uuid": "d65ff259-4791-4f34-8bcc-4f16ac97a97a",
                  "parentUUID": "3cc557bb-1727-4f64-8fc6-e3e8837336b4",
                  "isHook": false,
                  "skipped": false
                }
              ],
              "suites": [],
              "passes": [
                "d65ff259-4791-4f34-8bcc-4f16ac97a97a"
              ],
              "failures": [],
              "pending": [],
              "skipped": [],
              "duration": 1170,
              "root": false,
              "rootEmpty": false,
              "_timeout": 2000
            },
            {
              "uuid": "3ccd50fa-e358-41d7-a3e4-e5ce500836d1",
              "title": "Sign-in Page on Mobile",
              "fullFile": "",
              "file": "",
              "beforeHooks": [],
              "afterHooks": [],
              "tests": [
                {
                  "title": "should render the sign-in form correctly on mobile",
                  "fullTitle": "Mobile Responsiveness Sign-in Page on Mobile should render the sign-in form correctly on mobile",
                  "timedOut": null,
                  "duration": 809,
                  "state": "passed",
                  "speed": "fast",
                  "pass": true,
                  "fail": false,
                  "pending": false,
                  "context": null,
                  "code": "cy.visit('/sign-in');\ncy.get(SELECTORS.auth.emailInput).should('be.visible');\ncy.get(SELECTORS.auth.passwordInput).should('be.visible');\ncy.get(SELECTORS.auth.loginBtn).should('be.visible');\ncy.evidenceScreenshot('mobile-sign-in-form');",
                  "err": {},
                  "uuid": "4bcbedaa-723c-482a-ada1-40fb524ec8a8",
                  "parentUUID": "3ccd50fa-e358-41d7-a3e4-e5ce500836d1",
                  "isHook": false,
                  "skipped": false
                }
              ],
              "suites": [],
              "passes": [
                "4bcbedaa-723c-482a-ada1-40fb524ec8a8"
              ],
              "failures": [],
              "pending": [],
              "skipped": [],
              "duration": 809,
              "root": false,
              "rootEmpty": false,
              "_timeout": 2000
            }
          ],
          "passes": [],
          "failures": [],
          "pending": [],
          "skipped": [],
          "duration": 0,
          "root": false,
          "rootEmpty": false,
          "_timeout": 2000
        }
      ],
      "passes": [],
      "failures": [],
      "pending": [],
      "skipped": [],
      "duration": 0,
      "root": true,
      "rootEmpty": true,
      "_timeout": 2000
    }
  ],
  "meta": {
    "mocha": {
      "version": "7.2.0"
    },
    "mochawesome": {
      "options": {
        "quiet": false,
        "reportFilename": "mochawesome",
        "saveHtml": true,
        "saveJson": true,
        "consoleReporter": "spec",
        "useInlineDiffs": false,
        "code": true
      },
      "version": "7.1.4"
    },
    "marge": {
      "options": {
        "reportDir": "reports",
        "overwrite": false,
        "html": true,
        "json": true,
        "charts": true
      },
      "version": "6.3.2"
    }
  }
}