{
  "stats": {
    "suites": 6,
    "tests": 12,
    "passes": 12,
    "pending": 0,
    "failures": 0,
    "start": "2026-03-06T21:55:09.842Z",
    "end": "2026-03-06T21:55:46.377Z",
    "duration": 36535,
    "testsRegistered": 12,
    "passPercent": 100,
    "pendingPercent": 0,
    "other": 0,
    "hasOther": false,
    "skipped": 0,
    "hasSkipped": false
  },
  "results": [
    {
      "uuid": "8582cae3-b229-4198-ad4a-09b1bd1a6cd1",
      "title": "",
      "fullFile": "cypress/e2e/responsive/mobile-responsiveness.cy.js",
      "file": "cypress/e2e/responsive/mobile-responsiveness.cy.js",
      "beforeHooks": [],
      "afterHooks": [],
      "tests": [],
      "suites": [
        {
          "uuid": "6f258f80-0a4e-45be-992c-bf7804aba74f",
          "title": "Mobile Responsiveness",
          "fullFile": "",
          "file": "",
          "beforeHooks": [],
          "afterHooks": [],
          "tests": [],
          "suites": [
            {
              "uuid": "a929f9dc-ac59-495d-86bd-e6884d22cf11",
              "title": "Homepage on Mobile",
              "fullFile": "",
              "file": "",
              "beforeHooks": [],
              "afterHooks": [],
              "tests": [
                {
                  "title": "should render the homepage without horizontal overflow on mobile",
                  "fullTitle": "Mobile Responsiveness Homepage on Mobile should render the homepage without horizontal overflow on mobile",
                  "timedOut": null,
                  "duration": 1479,
                  "state": "passed",
                  "speed": "fast",
                  "pass": true,
                  "fail": false,
                  "pending": false,
                  "context": null,
                  "code": "cy.visit('/home');\ncy.get('body').invoke('prop', 'scrollWidth').then(scrollWidth => {\n  cy.window().its('innerWidth').then(innerWidth => {\n    if (scrollWidth > innerWidth) {\n      cy.log(`ISSUE: Horizontal overflow detected — scrollWidth (${scrollWidth}) > viewportWidth (${innerWidth})`);\n    }\n    expect(scrollWidth).to.be.lte(innerWidth + 5); // 5px tolerance\n  });\n});\ncy.evidenceScreenshot('mobile-homepage-no-overflow');",
                  "err": {},
                  "uuid": "7a7bc04d-4716-4243-b898-107f72b85c01",
                  "parentUUID": "a929f9dc-ac59-495d-86bd-e6884d22cf11",
                  "isHook": false,
                  "skipped": false
                },
                {
                  "title": "should display the navigation bar on mobile",
                  "fullTitle": "Mobile Responsiveness Homepage on Mobile should display the navigation bar on mobile",
                  "timedOut": null,
                  "duration": 1364,
                  "state": "passed",
                  "speed": "fast",
                  "pass": true,
                  "fail": false,
                  "pending": false,
                  "context": null,
                  "code": "cy.visit('/home');\ncy.get('.navigation-Bar').should('be.visible');\ncy.evidenceScreenshot('mobile-nav-visible');",
                  "err": {},
                  "uuid": "26499055-6247-4ec1-b998-e14ef21cf2cc",
                  "parentUUID": "a929f9dc-ac59-495d-86bd-e6884d22cf11",
                  "isHook": false,
                  "skipped": false
                },
                {
                  "title": "should display the Log In and Sign Up buttons on mobile",
                  "fullTitle": "Mobile Responsiveness Homepage on Mobile should display the Log In and Sign Up buttons on mobile",
                  "timedOut": null,
                  "duration": 1206,
                  "state": "passed",
                  "speed": "fast",
                  "pass": true,
                  "fail": false,
                  "pending": false,
                  "context": null,
                  "code": "cy.visit('/home');\ncy.get(SELECTORS.nav.loginLink).should('be.visible');\ncy.get(SELECTORS.nav.signupBtn).should('be.visible');\ncy.evidenceScreenshot('mobile-auth-buttons');",
                  "err": {},
                  "uuid": "2eb66f88-b599-442f-8939-cb3f6f556ca7",
                  "parentUUID": "a929f9dc-ac59-495d-86bd-e6884d22cf11",
                  "isHook": false,
                  "skipped": false
                },
                {
                  "title": "should display product cards stacked vertically on mobile",
                  "fullTitle": "Mobile Responsiveness Homepage on Mobile should display product cards stacked vertically on mobile",
                  "timedOut": null,
                  "duration": 7436,
                  "state": "passed",
                  "speed": "medium",
                  "pass": true,
                  "fail": false,
                  "pending": false,
                  "context": null,
                  "code": "cy.visit('/products');\ncy.wait(2000);\ncy.get(SELECTORS.products.card).should('have.length.greaterThan', 0);\ncy.evidenceScreenshot('mobile-product-cards');",
                  "err": {},
                  "uuid": "274a5425-9804-4117-a692-1f5df457097a",
                  "parentUUID": "a929f9dc-ac59-495d-86bd-e6884d22cf11",
                  "isHook": false,
                  "skipped": false
                },
                {
                  "title": "should display the search bar on mobile",
                  "fullTitle": "Mobile Responsiveness Homepage on Mobile should display the search bar on mobile",
                  "timedOut": null,
                  "duration": 962,
                  "state": "passed",
                  "speed": "fast",
                  "pass": true,
                  "fail": false,
                  "pending": false,
                  "context": null,
                  "code": "cy.visit('/home');\ncy.get(SELECTORS.nav.searchInput).should('exist');\ncy.evidenceScreenshot('mobile-search-bar');",
                  "err": {},
                  "uuid": "5f364f08-1536-4880-8330-ba519ba3ea15",
                  "parentUUID": "a929f9dc-ac59-495d-86bd-e6884d22cf11",
                  "isHook": false,
                  "skipped": false
                }
              ],
              "suites": [],
              "passes": [
                "7a7bc04d-4716-4243-b898-107f72b85c01",
                "26499055-6247-4ec1-b998-e14ef21cf2cc",
                "2eb66f88-b599-442f-8939-cb3f6f556ca7",
                "274a5425-9804-4117-a692-1f5df457097a",
                "5f364f08-1536-4880-8330-ba519ba3ea15"
              ],
              "failures": [],
              "pending": [],
              "skipped": [],
              "duration": 12447,
              "root": false,
              "rootEmpty": false,
              "_timeout": 2000
            },
            {
              "uuid": "14d1b568-5550-496c-9594-e1669c411232",
              "title": "Category Navigation on Mobile",
              "fullFile": "",
              "file": "",
              "beforeHooks": [],
              "afterHooks": [],
              "tests": [
                {
                  "title": "should display category links on mobile viewport",
                  "fullTitle": "Mobile Responsiveness Category Navigation on Mobile should display category links on mobile viewport",
                  "timedOut": null,
                  "duration": 2023,
                  "state": "passed",
                  "speed": "fast",
                  "pass": true,
                  "fail": false,
                  "pending": false,
                  "context": null,
                  "code": "cy.visit('/home');\ncy.get(SELECTORS.nav.categoryLinks).should('have.length.greaterThan', 0);\ncy.evidenceScreenshot('mobile-category-links');",
                  "err": {},
                  "uuid": "03f285c5-ed4b-4c37-b85b-dcccb97f110f",
                  "parentUUID": "14d1b568-5550-496c-9594-e1669c411232",
                  "isHook": false,
                  "skipped": false
                },
                {
                  "title": "should navigate to product category on mobile tap",
                  "fullTitle": "Mobile Responsiveness Category Navigation on Mobile should navigate to product category on mobile tap",
                  "timedOut": null,
                  "duration": 1353,
                  "state": "passed",
                  "speed": "fast",
                  "pass": true,
                  "fail": false,
                  "pending": false,
                  "context": null,
                  "code": "cy.visit('/home');\ncy.get(SELECTORS.nav.categoryLinks).contains('Tires').click({\n  force: true\n});\ncy.url().should('include', '/category/Tires');\ncy.evidenceScreenshot('mobile-category-navigation');",
                  "err": {},
                  "uuid": "6c6d4b7f-d1d6-4b71-8f6b-1762f497b6b5",
                  "parentUUID": "14d1b568-5550-496c-9594-e1669c411232",
                  "isHook": false,
                  "skipped": false
                }
              ],
              "suites": [],
              "passes": [
                "03f285c5-ed4b-4c37-b85b-dcccb97f110f",
                "6c6d4b7f-d1d6-4b71-8f6b-1762f497b6b5"
              ],
              "failures": [],
              "pending": [],
              "skipped": [],
              "duration": 3376,
              "root": false,
              "rootEmpty": false,
              "_timeout": 2000
            },
            {
              "uuid": "73b077d4-90d3-4f13-a949-6c83440b97b3",
              "title": "Product Interaction on Mobile",
              "fullFile": "",
              "file": "",
              "beforeHooks": [],
              "afterHooks": [],
              "tests": [
                {
                  "title": "should show Add to Cart buttons on mobile product cards",
                  "fullTitle": "Mobile Responsiveness Product Interaction on Mobile should show Add to Cart buttons on mobile product cards",
                  "timedOut": null,
                  "duration": 7375,
                  "state": "passed",
                  "speed": "medium",
                  "pass": true,
                  "fail": false,
                  "pending": false,
                  "context": null,
                  "code": "cy.visit('/products');\ncy.wait(2000);\ncy.get(SELECTORS.products.addToCart).first().should('be.visible');\ncy.evidenceScreenshot('mobile-add-to-cart-btn');",
                  "err": {},
                  "uuid": "b113df97-2d7a-43dd-9959-26ce14d17f70",
                  "parentUUID": "73b077d4-90d3-4f13-a949-6c83440b97b3",
                  "isHook": false,
                  "skipped": false
                },
                {
                  "title": "should allow tapping Add to Cart on mobile",
                  "fullTitle": "Mobile Responsiveness Product Interaction on Mobile should allow tapping Add to Cart on mobile",
                  "timedOut": null,
                  "duration": 8383,
                  "state": "passed",
                  "speed": "medium",
                  "pass": true,
                  "fail": false,
                  "pending": false,
                  "context": null,
                  "code": "cy.visit('/products');\ncy.wait(2000);\ncy.get(SELECTORS.products.addToCart).first().click({\n  force: true\n});\ncy.wait(1000);\ncy.evidenceScreenshot('mobile-tap-add-to-cart');",
                  "err": {},
                  "uuid": "57dc18e9-466d-4ad2-8042-95a8754be1f8",
                  "parentUUID": "73b077d4-90d3-4f13-a949-6c83440b97b3",
                  "isHook": false,
                  "skipped": false
                },
                {
                  "title": "should open product detail page on mobile",
                  "fullTitle": "Mobile Responsiveness Product Interaction on Mobile should open product detail page on mobile",
                  "timedOut": null,
                  "duration": 3089,
                  "state": "passed",
                  "speed": "fast",
                  "pass": true,
                  "fail": false,
                  "pending": false,
                  "context": null,
                  "code": "cy.visit('/products');\ncy.wait(2000);\ncy.get(SELECTORS.products.cardLink).first().click({\n  force: true\n});\ncy.url().should('include', '/product-details/');\ncy.evidenceScreenshot('mobile-product-detail');",
                  "err": {},
                  "uuid": "e0f66591-ea56-4987-8dd2-05e7d1d23788",
                  "parentUUID": "73b077d4-90d3-4f13-a949-6c83440b97b3",
                  "isHook": false,
                  "skipped": false
                }
              ],
              "suites": [],
              "passes": [
                "b113df97-2d7a-43dd-9959-26ce14d17f70",
                "57dc18e9-466d-4ad2-8042-95a8754be1f8",
                "e0f66591-ea56-4987-8dd2-05e7d1d23788"
              ],
              "failures": [],
              "pending": [],
              "skipped": [],
              "duration": 18847,
              "root": false,
              "rootEmpty": false,
              "_timeout": 2000
            },
            {
              "uuid": "c3688ea5-049d-46b1-b334-c85891a32359",
              "title": "Cart Page on Mobile",
              "fullFile": "",
              "file": "",
              "beforeHooks": [],
              "afterHooks": [],
              "tests": [
                {
                  "title": "should render cart page correctly on mobile",
                  "fullTitle": "Mobile Responsiveness Cart Page on Mobile should render cart page correctly on mobile",
                  "timedOut": null,
                  "duration": 978,
                  "state": "passed",
                  "speed": "fast",
                  "pass": true,
                  "fail": false,
                  "pending": false,
                  "context": null,
                  "code": "cy.visit('/cart');\ncy.get('.navigation-Bar').should('be.visible');\ncy.get('body').should('contain.text', 'cart');\ncy.evidenceScreenshot('mobile-cart-page');",
                  "err": {},
                  "uuid": "71a810c5-94e2-495c-9808-278911311f75",
                  "parentUUID": "c3688ea5-049d-46b1-b334-c85891a32359",
                  "isHook": false,
                  "skipped": false
                }
              ],
              "suites": [],
              "passes": [
                "71a810c5-94e2-495c-9808-278911311f75"
              ],
              "failures": [],
              "pending": [],
              "skipped": [],
              "duration": 978,
              "root": false,
              "rootEmpty": false,
              "_timeout": 2000
            },
            {
              "uuid": "2d396394-1e0f-4194-9db1-dc4493e222c5",
              "title": "Sign-in Page on Mobile",
              "fullFile": "",
              "file": "",
              "beforeHooks": [],
              "afterHooks": [],
              "tests": [
                {
                  "title": "should render the sign-in form correctly on mobile",
                  "fullTitle": "Mobile Responsiveness Sign-in Page on Mobile should render the sign-in form correctly on mobile",
                  "timedOut": null,
                  "duration": 752,
                  "state": "passed",
                  "speed": "fast",
                  "pass": true,
                  "fail": false,
                  "pending": false,
                  "context": null,
                  "code": "cy.visit('/sign-in');\ncy.get(SELECTORS.auth.emailInput).should('be.visible');\ncy.get(SELECTORS.auth.passwordInput).should('be.visible');\ncy.get(SELECTORS.auth.loginBtn).should('be.visible');\ncy.evidenceScreenshot('mobile-sign-in-form');",
                  "err": {},
                  "uuid": "3ccb33f9-84bc-4d39-8f28-eb8ad27a274d",
                  "parentUUID": "2d396394-1e0f-4194-9db1-dc4493e222c5",
                  "isHook": false,
                  "skipped": false
                }
              ],
              "suites": [],
              "passes": [
                "3ccb33f9-84bc-4d39-8f28-eb8ad27a274d"
              ],
              "failures": [],
              "pending": [],
              "skipped": [],
              "duration": 752,
              "root": false,
              "rootEmpty": false,
              "_timeout": 2000
            }
          ],
          "passes": [],
          "failures": [],
          "pending": [],
          "skipped": [],
          "duration": 0,
          "root": false,
          "rootEmpty": false,
          "_timeout": 2000
        }
      ],
      "passes": [],
      "failures": [],
      "pending": [],
      "skipped": [],
      "duration": 0,
      "root": true,
      "rootEmpty": true,
      "_timeout": 2000
    }
  ],
  "meta": {
    "mocha": {
      "version": "7.2.0"
    },
    "mochawesome": {
      "options": {
        "quiet": false,
        "reportFilename": "mochawesome",
        "saveHtml": true,
        "saveJson": true,
        "consoleReporter": "spec",
        "useInlineDiffs": false,
        "code": true
      },
      "version": "7.1.4"
    },
    "marge": {
      "options": {
        "reportDir": "reports",
        "overwrite": false,
        "html": true,
        "json": true,
        "charts": true
      },
      "version": "6.3.2"
    }
  }
}